[2019-01-17T21:18:34.213] [ERROR] error - TypeError: Cannot set property 'Link' of null
    at findOne.then (/home/ubuntu/workspace/project/server/models/NavigationLinksMD.js:36:26)
[2019-01-17T21:44:36.929] [ERROR] error - { CastError: Cast to ObjectId failed for value "testing" at path "LinkTo" for model "Menu"
    at MongooseError.CastError (/home/ubuntu/workspace/project/server/node_modules/mongoose/lib/error/cast.js:29:11)
    at ObjectId.cast (/home/ubuntu/workspace/project/server/node_modules/mongoose/lib/schema/objectid.js:155:13)
    at ObjectId.SchemaType.applySetters (/home/ubuntu/workspace/project/server/node_modules/mongoose/lib/schematype.js:724:12)
    at ObjectId.SchemaType._castForQuery (/home/ubuntu/workspace/project/server/node_modules/mongoose/lib/schematype.js:1113:15)
    at ObjectId.SchemaType.castForQuery (/home/ubuntu/workspace/project/server/node_modules/mongoose/lib/schematype.js:1103:15)
    at ObjectId.SchemaType.castForQueryWrapper (/home/ubuntu/workspace/project/server/node_modules/mongoose/lib/schematype.js:1082:15)
    at cast (/home/ubuntu/workspace/project/server/node_modules/mongoose/lib/cast.js:303:32)
    at Query.cast (/home/ubuntu/workspace/project/server/node_modules/mongoose/lib/query.js:3751:12)
    at Query._castConditions (/home/ubuntu/workspace/project/server/node_modules/mongoose/lib/query.js:1549:10)
    at Query._find (/home/ubuntu/workspace/project/server/node_modules/mongoose/lib/query.js:1564:8)
    at process.nextTick (/home/ubuntu/workspace/project/server/node_modules/kareem/index.js:333:33)
    at _combinedTickCallback (internal/process/next_tick.js:73:7)
    at process._tickCallback (internal/process/next_tick.js:104:9)
  message: 'Cast to ObjectId failed for value "testing" at path "LinkTo" for model "Menu"',
  name: 'CastError',
  stringValue: '"testing"',
  kind: 'ObjectId',
  value: 'testing',
  path: 'LinkTo',
  reason: undefined,
  model:
   { [Function: model]
     hooks: Kareem { _pres: [Object], _posts: [Object] },
     base:
      Mongoose {
        connections: [Object],
        models: [Object],
        modelSchemas: [Object],
        options: [Object],
        _pluralize: [Function: pluralize],
        plugins: [Object] },
     modelName: 'Menu',
     model: [Function: model],
     db:
      NativeConnection {
        base: [Object],
        collections: [Object],
        models: [Object],
        config: [Object],
        replica: false,
        options: null,
        otherDbs: [],
        relatedDbs: {},
        states: [Object],
        _readyState: 1,
        _closeCalled: false,
        _hasOpened: true,
        _listening: false,
        _connectionOptions: [Object],
        name: 'sjlm',
        host: 'localhost',
        port: 27017,
        user: null,
        pass: null,
        client: [Object],
        '$initialConnection': [Object],
        db: [Object] },
     discriminators: undefined,
     '$appliedMethods': true,
     '$appliedHooks': true,
     schema:
      Schema {
        obj: [Object],
        paths: [Object],
        aliases: {},
        subpaths: {},
        virtuals: [Object],
        singleNestedPaths: {},
        nested: {},
        inherits: {},
        callQueue: [],
        _indexes: [],
        methods: {},
        methodOptions: {},
        statics: {},
        tree: [Object],
        query: {},
        childSchemas: [],
        plugins: [Object],
        s: [Object],
        _userProvidedOptions: {},
        options: [Object],
        '$globalPluginsApplied': true,
        _requiredpaths: [Object],
        _indexedpaths: [] },
     collection:
      NativeCollection {
        collection: [Object],
        opts: [Object],
        name: 'menus',
        collectionName: 'menus',
        conn: [Object],
        queue: [],
        buffer: false,
        emitter: [Object] },
     Query: { [Function] base: [Object] },
     '$__insertMany': [Function],
     '$init': Promise { null, catch: [Function] } } }
[2019-01-17T21:45:09.044] [ERROR] error - { CastError: Cast to ObjectId failed for value "avis_public" at path "LinkTo" for model "Menu"
    at MongooseError.CastError (/home/ubuntu/workspace/project/server/node_modules/mongoose/lib/error/cast.js:29:11)
    at ObjectId.cast (/home/ubuntu/workspace/project/server/node_modules/mongoose/lib/schema/objectid.js:155:13)
    at ObjectId.SchemaType.applySetters (/home/ubuntu/workspace/project/server/node_modules/mongoose/lib/schematype.js:724:12)
    at ObjectId.SchemaType._castForQuery (/home/ubuntu/workspace/project/server/node_modules/mongoose/lib/schematype.js:1113:15)
    at ObjectId.SchemaType.castForQuery (/home/ubuntu/workspace/project/server/node_modules/mongoose/lib/schematype.js:1103:15)
    at ObjectId.SchemaType.castForQueryWrapper (/home/ubuntu/workspace/project/server/node_modules/mongoose/lib/schematype.js:1082:15)
    at cast (/home/ubuntu/workspace/project/server/node_modules/mongoose/lib/cast.js:303:32)
    at Query.cast (/home/ubuntu/workspace/project/server/node_modules/mongoose/lib/query.js:3751:12)
    at Query._castConditions (/home/ubuntu/workspace/project/server/node_modules/mongoose/lib/query.js:1549:10)
    at Query._find (/home/ubuntu/workspace/project/server/node_modules/mongoose/lib/query.js:1564:8)
    at process.nextTick (/home/ubuntu/workspace/project/server/node_modules/kareem/index.js:333:33)
    at _combinedTickCallback (internal/process/next_tick.js:73:7)
    at process._tickCallback (internal/process/next_tick.js:104:9)
  message: 'Cast to ObjectId failed for value "avis_public" at path "LinkTo" for model "Menu"',
  name: 'CastError',
  stringValue: '"avis_public"',
  kind: 'ObjectId',
  value: 'avis_public',
  path: 'LinkTo',
  reason: undefined,
  model:
   { [Function: model]
     hooks: Kareem { _pres: [Object], _posts: [Object] },
     base:
      Mongoose {
        connections: [Object],
        models: [Object],
        modelSchemas: [Object],
        options: [Object],
        _pluralize: [Function: pluralize],
        plugins: [Object] },
     modelName: 'Menu',
     model: [Function: model],
     db:
      NativeConnection {
        base: [Object],
        collections: [Object],
        models: [Object],
        config: [Object],
        replica: false,
        options: null,
        otherDbs: [],
        relatedDbs: {},
        states: [Object],
        _readyState: 1,
        _closeCalled: false,
        _hasOpened: true,
        _listening: false,
        _connectionOptions: [Object],
        name: 'sjlm',
        host: 'localhost',
        port: 27017,
        user: null,
        pass: null,
        client: [Object],
        '$initialConnection': [Object],
        db: [Object] },
     discriminators: undefined,
     '$appliedMethods': true,
     '$appliedHooks': true,
     schema:
      Schema {
        obj: [Object],
        paths: [Object],
        aliases: {},
        subpaths: {},
        virtuals: [Object],
        singleNestedPaths: {},
        nested: {},
        inherits: {},
        callQueue: [],
        _indexes: [],
        methods: {},
        methodOptions: {},
        statics: {},
        tree: [Object],
        query: {},
        childSchemas: [],
        plugins: [Object],
        s: [Object],
        _userProvidedOptions: {},
        options: [Object],
        '$globalPluginsApplied': true,
        _requiredpaths: [Object],
        _indexedpaths: [] },
     collection:
      NativeCollection {
        collection: [Object],
        opts: [Object],
        name: 'menus',
        collectionName: 'menus',
        conn: [Object],
        queue: [],
        buffer: false,
        emitter: [Object] },
     Query: { [Function] base: [Object] },
     '$__insertMany': [Function],
     '$init': Promise { null, catch: [Function] } } }
[2019-01-17T21:47:15.431] [ERROR] error - { CastError: Cast to ObjectId failed for value "avis_public" at path "LinkTo" for model "Menu"
    at MongooseError.CastError (/home/ubuntu/workspace/project/server/node_modules/mongoose/lib/error/cast.js:29:11)
    at ObjectId.cast (/home/ubuntu/workspace/project/server/node_modules/mongoose/lib/schema/objectid.js:155:13)
    at ObjectId.SchemaType.applySetters (/home/ubuntu/workspace/project/server/node_modules/mongoose/lib/schematype.js:724:12)
    at ObjectId.SchemaType._castForQuery (/home/ubuntu/workspace/project/server/node_modules/mongoose/lib/schematype.js:1113:15)
    at ObjectId.SchemaType.castForQuery (/home/ubuntu/workspace/project/server/node_modules/mongoose/lib/schematype.js:1103:15)
    at ObjectId.SchemaType.castForQueryWrapper (/home/ubuntu/workspace/project/server/node_modules/mongoose/lib/schematype.js:1082:15)
    at cast (/home/ubuntu/workspace/project/server/node_modules/mongoose/lib/cast.js:303:32)
    at Query.cast (/home/ubuntu/workspace/project/server/node_modules/mongoose/lib/query.js:3751:12)
    at Query._castConditions (/home/ubuntu/workspace/project/server/node_modules/mongoose/lib/query.js:1549:10)
    at Query._find (/home/ubuntu/workspace/project/server/node_modules/mongoose/lib/query.js:1564:8)
    at process.nextTick (/home/ubuntu/workspace/project/server/node_modules/kareem/index.js:333:33)
    at _combinedTickCallback (internal/process/next_tick.js:73:7)
    at process._tickCallback (internal/process/next_tick.js:104:9)
  message: 'Cast to ObjectId failed for value "avis_public" at path "LinkTo" for model "Menu"',
  name: 'CastError',
  stringValue: '"avis_public"',
  kind: 'ObjectId',
  value: 'avis_public',
  path: 'LinkTo',
  reason: undefined,
  model:
   { [Function: model]
     hooks: Kareem { _pres: [Object], _posts: [Object] },
     base:
      Mongoose {
        connections: [Object],
        models: [Object],
        modelSchemas: [Object],
        options: [Object],
        _pluralize: [Function: pluralize],
        plugins: [Object] },
     modelName: 'Menu',
     model: [Function: model],
     db:
      NativeConnection {
        base: [Object],
        collections: [Object],
        models: [Object],
        config: [Object],
        replica: false,
        options: null,
        otherDbs: [],
        relatedDbs: {},
        states: [Object],
        _readyState: 1,
        _closeCalled: false,
        _hasOpened: true,
        _listening: false,
        _connectionOptions: [Object],
        name: 'sjlm',
        host: 'localhost',
        port: 27017,
        user: null,
        pass: null,
        client: [Object],
        '$initialConnection': [Object],
        db: [Object] },
     discriminators: undefined,
     '$appliedMethods': true,
     '$appliedHooks': true,
     schema:
      Schema {
        obj: [Object],
        paths: [Object],
        aliases: {},
        subpaths: {},
        virtuals: [Object],
        singleNestedPaths: {},
        nested: {},
        inherits: {},
        callQueue: [],
        _indexes: [],
        methods: {},
        methodOptions: {},
        statics: {},
        tree: [Object],
        query: {},
        childSchemas: [],
        plugins: [Object],
        s: [Object],
        _userProvidedOptions: {},
        options: [Object],
        '$globalPluginsApplied': true,
        _requiredpaths: [Object],
        _indexedpaths: [] },
     collection:
      NativeCollection {
        collection: [Object],
        opts: [Object],
        name: 'menus',
        collectionName: 'menus',
        conn: [Object],
        queue: [],
        buffer: false,
        emitter: [Object] },
     Query: { [Function] base: [Object] },
     '$__insertMany': [Function],
     '$init': Promise { null, catch: [Function] } } }
[2019-01-17T22:24:56.262] [ERROR] error - { ValidationError: Menu validation failed: ParentMenu: Cast to ObjectID failed for value "" at path "ParentMenu"
    at MongooseError.ValidationError (/home/ubuntu/workspace/project/server/node_modules/mongoose/lib/error/validation.js:27:11)
    at model.Document.invalidate (/home/ubuntu/workspace/project/server/node_modules/mongoose/lib/document.js:1880:32)
    at model.$set (/home/ubuntu/workspace/project/server/node_modules/mongoose/lib/document.js:878:10)
    at model._handleIndex (/home/ubuntu/workspace/project/server/node_modules/mongoose/lib/document.js:688:14)
    at model.$set (/home/ubuntu/workspace/project/server/node_modules/mongoose/lib/document.js:645:22)
    at model.Document (/home/ubuntu/workspace/project/server/node_modules/mongoose/lib/document.js:112:12)
    at model.Model (/home/ubuntu/workspace/project/server/node_modules/mongoose/lib/model.js:65:12)
    at new model (/home/ubuntu/workspace/project/server/node_modules/mongoose/lib/model.js:4298:13)
    at toExecute.push.error (/home/ubuntu/workspace/project/server/node_modules/mongoose/lib/model.js:2464:22)
    at /home/ubuntu/workspace/project/server/node_modules/async/internal/parallel.js:31:39
    at eachOfArrayLike (/home/ubuntu/workspace/project/server/node_modules/async/eachOf.js:65:9)
    at exports.default (/home/ubuntu/workspace/project/server/node_modules/async/eachOf.js:9:5)
    at _parallel (/home/ubuntu/workspace/project/server/node_modules/async/internal/parallel.js:30:5)
    at parallelLimit (/home/ubuntu/workspace/project/server/node_modules/async/parallel.js:88:26)
    at utils.promiseOrCallback.cb (/home/ubuntu/workspace/project/server/node_modules/mongoose/lib/model.js:2474:5)
    at Promise (/home/ubuntu/workspace/project/server/node_modules/mongoose/lib/utils.js:234:5)
  errors:
   { ParentMenu:
      { CastError: Cast to ObjectID failed for value "" at path "ParentMenu"
          at MongooseError.CastError (/home/ubuntu/workspace/project/server/node_modules/mongoose/lib/error/cast.js:29:11)
          at model.$set (/home/ubuntu/workspace/project/server/node_modules/mongoose/lib/document.js:879:7)
          at model._handleIndex (/home/ubuntu/workspace/project/server/node_modules/mongoose/lib/document.js:688:14)
          at model.$set (/home/ubuntu/workspace/project/server/node_modules/mongoose/lib/document.js:645:22)
          at model.Document (/home/ubuntu/workspace/project/server/node_modules/mongoose/lib/document.js:112:12)
          at model.Model (/home/ubuntu/workspace/project/server/node_modules/mongoose/lib/model.js:65:12)
          at new model (/home/ubuntu/workspace/project/server/node_modules/mongoose/lib/model.js:4298:13)
          at toExecute.push.error (/home/ubuntu/workspace/project/server/node_modules/mongoose/lib/model.js:2464:22)
          at /home/ubuntu/workspace/project/server/node_modules/async/internal/parallel.js:31:39
          at eachOfArrayLike (/home/ubuntu/workspace/project/server/node_modules/async/eachOf.js:65:9)
          at exports.default (/home/ubuntu/workspace/project/server/node_modules/async/eachOf.js:9:5)
          at _parallel (/home/ubuntu/workspace/project/server/node_modules/async/internal/parallel.js:30:5)
          at parallelLimit (/home/ubuntu/workspace/project/server/node_modules/async/parallel.js:88:26)
          at utils.promiseOrCallback.cb (/home/ubuntu/workspace/project/server/node_modules/mongoose/lib/model.js:2474:5)
          at Promise (/home/ubuntu/workspace/project/server/node_modules/mongoose/lib/utils.js:234:5)
          at Object.promiseOrCallback (/home/ubuntu/workspace/project/server/node_modules/mongoose/lib/utils.js:233:10)
        message: 'Cast to ObjectID failed for value "" at path "ParentMenu"',
        name: 'CastError',
        stringValue: '""',
        kind: 'ObjectID',
        value: '',
        path: 'ParentMenu',
        reason: [Object] } },
  _message: 'Menu validation failed',
  name: 'ValidationError' }
[2019-01-17T22:26:28.866] [ERROR] error - { ValidationError: Pages validation failed: PageContent: Path `PageContent` is required.
    at MongooseError.ValidationError (/home/ubuntu/workspace/project/server/node_modules/mongoose/lib/error/validation.js:27:11)
    at model.Document.invalidate (/home/ubuntu/workspace/project/server/node_modules/mongoose/lib/document.js:1880:32)
    at p.doValidate.skipSchemaValidators (/home/ubuntu/workspace/project/server/node_modules/mongoose/lib/document.js:1748:17)
    at /home/ubuntu/workspace/project/server/node_modules/mongoose/lib/schematype.js:808:9
    at _combinedTickCallback (internal/process/next_tick.js:73:7)
    at process._tickCallback (internal/process/next_tick.js:104:9)
  errors:
   { PageContent:
      { ValidatorError: Path `PageContent` is required.
          at MongooseError.ValidatorError (/home/ubuntu/workspace/project/server/node_modules/mongoose/lib/error/validator.js:27:11)
          at validate (/home/ubuntu/workspace/project/server/node_modules/mongoose/lib/schematype.js:805:13)
          at /home/ubuntu/workspace/project/server/node_modules/mongoose/lib/schematype.js:854:11
          at Array.forEach (native)
          at SchemaString.SchemaType.doValidate (/home/ubuntu/workspace/project/server/node_modules/mongoose/lib/schematype.js:814:19)
          at /home/ubuntu/workspace/project/server/node_modules/mongoose/lib/document.js:1746:9
          at _combinedTickCallback (internal/process/next_tick.js:73:7)
          at process._tickCallback (internal/process/next_tick.js:104:9)
        message: 'Path `PageContent` is required.',
        name: 'ValidatorError',
        properties: [Object],
        kind: 'required',
        path: 'PageContent',
        value: '',
        reason: undefined,
        '$isValidatorError': true } },
  _message: 'Pages validation failed',
  name: 'ValidationError' }
[2019-01-17T22:33:22.661] [ERROR] error - { ValidationError: CategoryNews validation failed: Template: Path `Template` is required.
    at MongooseError.ValidationError (/home/ubuntu/workspace/project/server/node_modules/mongoose/lib/error/validation.js:27:11)
    at model.Document.invalidate (/home/ubuntu/workspace/project/server/node_modules/mongoose/lib/document.js:1880:32)
    at p.doValidate.skipSchemaValidators (/home/ubuntu/workspace/project/server/node_modules/mongoose/lib/document.js:1748:17)
    at /home/ubuntu/workspace/project/server/node_modules/mongoose/lib/schematype.js:808:9
    at _combinedTickCallback (internal/process/next_tick.js:73:7)
    at process._tickCallback (internal/process/next_tick.js:104:9)
  errors:
   { Template:
      { ValidatorError: Path `Template` is required.
          at MongooseError.ValidatorError (/home/ubuntu/workspace/project/server/node_modules/mongoose/lib/error/validator.js:27:11)
          at validate (/home/ubuntu/workspace/project/server/node_modules/mongoose/lib/schematype.js:805:13)
          at /home/ubuntu/workspace/project/server/node_modules/mongoose/lib/schematype.js:854:11
          at Array.forEach (native)
          at SchemaString.SchemaType.doValidate (/home/ubuntu/workspace/project/server/node_modules/mongoose/lib/schematype.js:814:19)
          at /home/ubuntu/workspace/project/server/node_modules/mongoose/lib/document.js:1746:9
          at _combinedTickCallback (internal/process/next_tick.js:73:7)
          at process._tickCallback (internal/process/next_tick.js:104:9)
        message: 'Path `Template` is required.',
        name: 'ValidatorError',
        properties: [Object],
        kind: 'required',
        path: 'Template',
        value: '',
        reason: undefined,
        '$isValidatorError': true } },
  _message: 'CategoryNews validation failed',
  name: 'ValidationError' }
[2019-01-17T22:37:11.570] [ERROR] error - TypeError: The returned value was null
    at Object.Utility.CheckIfNull (/home/ubuntu/workspace/project/server/utils/utility.js:73:15)
    at Object.Utility.GenerateResponse (/home/ubuntu/workspace/project/server/utils/utility.js:56:13)
    at NavigationLinks.findByIdAndRemove.then (/home/ubuntu/workspace/project/server/api/NavigationLinksAPI.js:50:21)
    at process._tickCallback (internal/process/next_tick.js:109:7)
[2019-01-17T22:42:38.679] [ERROR] error - { MongoError: E11000 duplicate key error collection: sjlm.pages index: PageTitleUrl_1 dup key: { : null }
    at Function.MongoError.create (/home/ubuntu/workspace/project/server/node_modules/mongodb-core/lib/error.js:49:10)
    at toError (/home/ubuntu/workspace/project/server/node_modules/mongodb/lib/utils.js:149:22)
    at coll.s.topology.insert (/home/ubuntu/workspace/project/server/node_modules/mongodb/lib/operations/collection_ops.js:803:39)
    at /home/ubuntu/workspace/project/server/node_modules/mongodb-core/lib/connection/pool.js:531:18
    at _combinedTickCallback (internal/process/next_tick.js:73:7)
    at process._tickCallback (internal/process/next_tick.js:104:9)
  name: 'MongoError',
  message: 'E11000 duplicate key error collection: sjlm.pages index: PageTitleUrl_1 dup key: { : null }',
  driver: true,
  index: 0,
  code: 11000,
  errmsg: 'E11000 duplicate key error collection: sjlm.pages index: PageTitleUrl_1 dup key: { : null }' }
[2019-01-17T22:45:29.772] [ERROR] error - { MongoError: E11000 duplicate key error collection: sjlm.pages index: PageTitleUrl_1 dup key: { : null }
    at Function.MongoError.create (/home/ubuntu/workspace/project/server/node_modules/mongodb-core/lib/error.js:49:10)
    at toError (/home/ubuntu/workspace/project/server/node_modules/mongodb/lib/utils.js:149:22)
    at coll.s.topology.insert (/home/ubuntu/workspace/project/server/node_modules/mongodb/lib/operations/collection_ops.js:803:39)
    at /home/ubuntu/workspace/project/server/node_modules/mongodb-core/lib/connection/pool.js:531:18
    at _combinedTickCallback (internal/process/next_tick.js:73:7)
    at process._tickCallback (internal/process/next_tick.js:104:9)
  name: 'MongoError',
  message: 'E11000 duplicate key error collection: sjlm.pages index: PageTitleUrl_1 dup key: { : null }',
  driver: true,
  index: 0,
  code: 11000,
  errmsg: 'E11000 duplicate key error collection: sjlm.pages index: PageTitleUrl_1 dup key: { : null }' }
[2019-01-17T22:46:19.155] [ERROR] error - { MongoError: E11000 duplicate key error collection: sjlm.pages index: PageTitleUrl_1 dup key: { : null }
    at Function.MongoError.create (/home/ubuntu/workspace/project/server/node_modules/mongodb-core/lib/error.js:49:10)
    at toError (/home/ubuntu/workspace/project/server/node_modules/mongodb/lib/utils.js:149:22)
    at coll.s.topology.insert (/home/ubuntu/workspace/project/server/node_modules/mongodb/lib/operations/collection_ops.js:803:39)
    at /home/ubuntu/workspace/project/server/node_modules/mongodb-core/lib/connection/pool.js:531:18
    at _combinedTickCallback (internal/process/next_tick.js:73:7)
    at process._tickCallback (internal/process/next_tick.js:104:9)
  name: 'MongoError',
  message: 'E11000 duplicate key error collection: sjlm.pages index: PageTitleUrl_1 dup key: { : null }',
  driver: true,
  index: 0,
  code: 11000,
  errmsg: 'E11000 duplicate key error collection: sjlm.pages index: PageTitleUrl_1 dup key: { : null }' }
[2019-01-17T22:49:57.316] [ERROR] error - { MongoError: E11000 duplicate key error collection: sjlm.pages index: PageTitleUrl_1 dup key: { : null }
    at Function.MongoError.create (/home/ubuntu/workspace/project/server/node_modules/mongodb-core/lib/error.js:49:10)
    at toError (/home/ubuntu/workspace/project/server/node_modules/mongodb/lib/utils.js:149:22)
    at coll.s.topology.insert (/home/ubuntu/workspace/project/server/node_modules/mongodb/lib/operations/collection_ops.js:803:39)
    at /home/ubuntu/workspace/project/server/node_modules/mongodb-core/lib/connection/pool.js:531:18
    at _combinedTickCallback (internal/process/next_tick.js:73:7)
    at process._tickCallback (internal/process/next_tick.js:104:9)
  name: 'MongoError',
  message: 'E11000 duplicate key error collection: sjlm.pages index: PageTitleUrl_1 dup key: { : null }',
  driver: true,
  index: 0,
  code: 11000,
  errmsg: 'E11000 duplicate key error collection: sjlm.pages index: PageTitleUrl_1 dup key: { : null }' }
[2019-01-17T22:51:40.520] [ERROR] error - { MongoError: E11000 duplicate key error collection: sjlm.pages index: PageTitleUrl_1 dup key: { : null }
    at Function.MongoError.create (/home/ubuntu/workspace/project/server/node_modules/mongodb-core/lib/error.js:49:10)
    at toError (/home/ubuntu/workspace/project/server/node_modules/mongodb/lib/utils.js:149:22)
    at coll.s.topology.insert (/home/ubuntu/workspace/project/server/node_modules/mongodb/lib/operations/collection_ops.js:803:39)
    at /home/ubuntu/workspace/project/server/node_modules/mongodb-core/lib/connection/pool.js:531:18
    at _combinedTickCallback (internal/process/next_tick.js:73:7)
    at process._tickCallback (internal/process/next_tick.js:104:9)
  name: 'MongoError',
  message: 'E11000 duplicate key error collection: sjlm.pages index: PageTitleUrl_1 dup key: { : null }',
  driver: true,
  index: 0,
  code: 11000,
  errmsg: 'E11000 duplicate key error collection: sjlm.pages index: PageTitleUrl_1 dup key: { : null }' }
[2019-01-17T22:52:00.607] [ERROR] error - { MongoError: E11000 duplicate key error collection: sjlm.pages index: PageTitleUrl_1 dup key: { : null }
    at Function.MongoError.create (/home/ubuntu/workspace/project/server/node_modules/mongodb-core/lib/error.js:49:10)
    at toError (/home/ubuntu/workspace/project/server/node_modules/mongodb/lib/utils.js:149:22)
    at coll.s.topology.insert (/home/ubuntu/workspace/project/server/node_modules/mongodb/lib/operations/collection_ops.js:803:39)
    at /home/ubuntu/workspace/project/server/node_modules/mongodb-core/lib/connection/pool.js:531:18
    at _combinedTickCallback (internal/process/next_tick.js:73:7)
    at process._tickCallback (internal/process/next_tick.js:104:9)
  name: 'MongoError',
  message: 'E11000 duplicate key error collection: sjlm.pages index: PageTitleUrl_1 dup key: { : null }',
  driver: true,
  index: 0,
  code: 11000,
  errmsg: 'E11000 duplicate key error collection: sjlm.pages index: PageTitleUrl_1 dup key: { : null }' }
[2019-01-17T22:53:31.920] [ERROR] error - { ValidationError: Pages validation failed: PageContent: Path `PageContent` is required.
    at MongooseError.ValidationError (/home/ubuntu/workspace/project/server/node_modules/mongoose/lib/error/validation.js:27:11)
    at model.Document.invalidate (/home/ubuntu/workspace/project/server/node_modules/mongoose/lib/document.js:1880:32)
    at p.doValidate.skipSchemaValidators (/home/ubuntu/workspace/project/server/node_modules/mongoose/lib/document.js:1748:17)
    at /home/ubuntu/workspace/project/server/node_modules/mongoose/lib/schematype.js:808:9
    at _combinedTickCallback (internal/process/next_tick.js:73:7)
    at process._tickCallback (internal/process/next_tick.js:104:9)
  errors:
   { PageContent:
      { ValidatorError: Path `PageContent` is required.
          at MongooseError.ValidatorError (/home/ubuntu/workspace/project/server/node_modules/mongoose/lib/error/validator.js:27:11)
          at validate (/home/ubuntu/workspace/project/server/node_modules/mongoose/lib/schematype.js:805:13)
          at /home/ubuntu/workspace/project/server/node_modules/mongoose/lib/schematype.js:854:11
          at Array.forEach (native)
          at SchemaString.SchemaType.doValidate (/home/ubuntu/workspace/project/server/node_modules/mongoose/lib/schematype.js:814:19)
          at /home/ubuntu/workspace/project/server/node_modules/mongoose/lib/document.js:1746:9
          at _combinedTickCallback (internal/process/next_tick.js:73:7)
          at process._tickCallback (internal/process/next_tick.js:104:9)
        message: 'Path `PageContent` is required.',
        name: 'ValidatorError',
        properties: [Object],
        kind: 'required',
        path: 'PageContent',
        value: undefined,
        reason: undefined,
        '$isValidatorError': true } },
  _message: 'Pages validation failed',
  name: 'ValidationError' }
[2019-01-17T22:57:11.490] [ERROR] error - { ValidationError: Pages validation failed: PageContent: Path `PageContent` is required.
    at MongooseError.ValidationError (/home/ubuntu/workspace/project/server/node_modules/mongoose/lib/error/validation.js:27:11)
    at model.Document.invalidate (/home/ubuntu/workspace/project/server/node_modules/mongoose/lib/document.js:1880:32)
    at p.doValidate.skipSchemaValidators (/home/ubuntu/workspace/project/server/node_modules/mongoose/lib/document.js:1748:17)
    at /home/ubuntu/workspace/project/server/node_modules/mongoose/lib/schematype.js:808:9
    at _combinedTickCallback (internal/process/next_tick.js:73:7)
    at process._tickCallback (internal/process/next_tick.js:104:9)
  errors:
   { PageContent:
      { ValidatorError: Path `PageContent` is required.
          at MongooseError.ValidatorError (/home/ubuntu/workspace/project/server/node_modules/mongoose/lib/error/validator.js:27:11)
          at validate (/home/ubuntu/workspace/project/server/node_modules/mongoose/lib/schematype.js:805:13)
          at /home/ubuntu/workspace/project/server/node_modules/mongoose/lib/schematype.js:854:11
          at Array.forEach (native)
          at SchemaString.SchemaType.doValidate (/home/ubuntu/workspace/project/server/node_modules/mongoose/lib/schematype.js:814:19)
          at /home/ubuntu/workspace/project/server/node_modules/mongoose/lib/document.js:1746:9
          at _combinedTickCallback (internal/process/next_tick.js:73:7)
          at process._tickCallback (internal/process/next_tick.js:104:9)
        message: 'Path `PageContent` is required.',
        name: 'ValidatorError',
        properties: [Object],
        kind: 'required',
        path: 'PageContent',
        value: undefined,
        reason: undefined,
        '$isValidatorError': true } },
  _message: 'Pages validation failed',
  name: 'ValidationError' }
[2019-01-17T22:59:11.957] [ERROR] error - { MongoError: E11000 duplicate key error collection: sjlm.pages index: PageTitleUrl_1 dup key: { : null }
    at Function.MongoError.create (/home/ubuntu/workspace/project/server/node_modules/mongodb-core/lib/error.js:49:10)
    at toError (/home/ubuntu/workspace/project/server/node_modules/mongodb/lib/utils.js:149:22)
    at coll.s.topology.insert (/home/ubuntu/workspace/project/server/node_modules/mongodb/lib/operations/collection_ops.js:803:39)
    at /home/ubuntu/workspace/project/server/node_modules/mongodb-core/lib/connection/pool.js:531:18
    at _combinedTickCallback (internal/process/next_tick.js:73:7)
    at process._tickCallback (internal/process/next_tick.js:104:9)
  name: 'MongoError',
  message: 'E11000 duplicate key error collection: sjlm.pages index: PageTitleUrl_1 dup key: { : null }',
  driver: true,
  index: 0,
  code: 11000,
  errmsg: 'E11000 duplicate key error collection: sjlm.pages index: PageTitleUrl_1 dup key: { : null }' }
[2019-01-17T22:59:39.635] [ERROR] error - { MongoError: E11000 duplicate key error collection: sjlm.pages index: PageTitleUrl_1 dup key: { : null }
    at Function.MongoError.create (/home/ubuntu/workspace/project/server/node_modules/mongodb-core/lib/error.js:49:10)
    at toError (/home/ubuntu/workspace/project/server/node_modules/mongodb/lib/utils.js:149:22)
    at coll.s.topology.insert (/home/ubuntu/workspace/project/server/node_modules/mongodb/lib/operations/collection_ops.js:803:39)
    at /home/ubuntu/workspace/project/server/node_modules/mongodb-core/lib/connection/pool.js:531:18
    at _combinedTickCallback (internal/process/next_tick.js:73:7)
    at process._tickCallback (internal/process/next_tick.js:104:9)
  name: 'MongoError',
  message: 'E11000 duplicate key error collection: sjlm.pages index: PageTitleUrl_1 dup key: { : null }',
  driver: true,
  index: 0,
  code: 11000,
  errmsg: 'E11000 duplicate key error collection: sjlm.pages index: PageTitleUrl_1 dup key: { : null }' }
[2019-01-17T23:00:41.984] [ERROR] error - { MongoError: E11000 duplicate key error collection: sjlm.pages index: PageTitleUrl_1 dup key: { : null }
    at Function.MongoError.create (/home/ubuntu/workspace/project/server/node_modules/mongodb-core/lib/error.js:49:10)
    at toError (/home/ubuntu/workspace/project/server/node_modules/mongodb/lib/utils.js:149:22)
    at coll.s.topology.insert (/home/ubuntu/workspace/project/server/node_modules/mongodb/lib/operations/collection_ops.js:803:39)
    at /home/ubuntu/workspace/project/server/node_modules/mongodb-core/lib/connection/pool.js:531:18
    at _combinedTickCallback (internal/process/next_tick.js:73:7)
    at process._tickCallback (internal/process/next_tick.js:104:9)
  name: 'MongoError',
  message: 'E11000 duplicate key error collection: sjlm.pages index: PageTitleUrl_1 dup key: { : null }',
  driver: true,
  index: 0,
  code: 11000,
  errmsg: 'E11000 duplicate key error collection: sjlm.pages index: PageTitleUrl_1 dup key: { : null }' }
[2019-01-17T23:02:34.759] [ERROR] error - { ValidationError: Pages validation failed: PageContent: Path `PageContent` is required.
    at MongooseError.ValidationError (/home/ubuntu/workspace/project/server/node_modules/mongoose/lib/error/validation.js:27:11)
    at model.Document.invalidate (/home/ubuntu/workspace/project/server/node_modules/mongoose/lib/document.js:1880:32)
    at p.doValidate.skipSchemaValidators (/home/ubuntu/workspace/project/server/node_modules/mongoose/lib/document.js:1748:17)
    at /home/ubuntu/workspace/project/server/node_modules/mongoose/lib/schematype.js:808:9
    at _combinedTickCallback (internal/process/next_tick.js:73:7)
    at process._tickCallback (internal/process/next_tick.js:104:9)
  errors:
   { PageContent:
      { ValidatorError: Path `PageContent` is required.
          at MongooseError.ValidatorError (/home/ubuntu/workspace/project/server/node_modules/mongoose/lib/error/validator.js:27:11)
          at validate (/home/ubuntu/workspace/project/server/node_modules/mongoose/lib/schematype.js:805:13)
          at /home/ubuntu/workspace/project/server/node_modules/mongoose/lib/schematype.js:854:11
          at Array.forEach (native)
          at SchemaString.SchemaType.doValidate (/home/ubuntu/workspace/project/server/node_modules/mongoose/lib/schematype.js:814:19)
          at /home/ubuntu/workspace/project/server/node_modules/mongoose/lib/document.js:1746:9
          at _combinedTickCallback (internal/process/next_tick.js:73:7)
          at process._tickCallback (internal/process/next_tick.js:104:9)
        message: 'Path `PageContent` is required.',
        name: 'ValidatorError',
        properties: [Object],
        kind: 'required',
        path: 'PageContent',
        value: undefined,
        reason: undefined,
        '$isValidatorError': true } },
  _message: 'Pages validation failed',
  name: 'ValidationError' }
[2019-01-17T23:03:52.748] [ERROR] error - { MongoError: E11000 duplicate key error collection: sjlm.pages index: PageTitleUrl_1 dup key: { : null }
    at Function.MongoError.create (/home/ubuntu/workspace/project/server/node_modules/mongodb-core/lib/error.js:49:10)
    at toError (/home/ubuntu/workspace/project/server/node_modules/mongodb/lib/utils.js:149:22)
    at coll.s.topology.insert (/home/ubuntu/workspace/project/server/node_modules/mongodb/lib/operations/collection_ops.js:803:39)
    at /home/ubuntu/workspace/project/server/node_modules/mongodb-core/lib/connection/pool.js:531:18
    at _combinedTickCallback (internal/process/next_tick.js:73:7)
    at process._tickCallback (internal/process/next_tick.js:104:9)
  name: 'MongoError',
  message: 'E11000 duplicate key error collection: sjlm.pages index: PageTitleUrl_1 dup key: { : null }',
  driver: true,
  index: 0,
  code: 11000,
  errmsg: 'E11000 duplicate key error collection: sjlm.pages index: PageTitleUrl_1 dup key: { : null }' }
[2019-01-17T23:04:31.895] [ERROR] error - { MongoError: E11000 duplicate key error collection: sjlm.pages index: PageTitleUrl_1 dup key: { : null }
    at Function.MongoError.create (/home/ubuntu/workspace/project/server/node_modules/mongodb-core/lib/error.js:49:10)
    at toError (/home/ubuntu/workspace/project/server/node_modules/mongodb/lib/utils.js:149:22)
    at coll.s.topology.insert (/home/ubuntu/workspace/project/server/node_modules/mongodb/lib/operations/collection_ops.js:803:39)
    at /home/ubuntu/workspace/project/server/node_modules/mongodb-core/lib/connection/pool.js:531:18
    at _combinedTickCallback (internal/process/next_tick.js:73:7)
    at process._tickCallback (internal/process/next_tick.js:104:9)
  name: 'MongoError',
  message: 'E11000 duplicate key error collection: sjlm.pages index: PageTitleUrl_1 dup key: { : null }',
  driver: true,
  index: 0,
  code: 11000,
  errmsg: 'E11000 duplicate key error collection: sjlm.pages index: PageTitleUrl_1 dup key: { : null }' }
[2019-01-17T23:05:41.329] [ERROR] error - { MongoError: E11000 duplicate key error collection: sjlm.pages index: PageTitleUrl_1 dup key: { : null }
    at Function.MongoError.create (/home/ubuntu/workspace/project/server/node_modules/mongodb-core/lib/error.js:49:10)
    at toError (/home/ubuntu/workspace/project/server/node_modules/mongodb/lib/utils.js:149:22)
    at coll.s.topology.insert (/home/ubuntu/workspace/project/server/node_modules/mongodb/lib/operations/collection_ops.js:803:39)
    at /home/ubuntu/workspace/project/server/node_modules/mongodb-core/lib/connection/pool.js:531:18
    at _combinedTickCallback (internal/process/next_tick.js:73:7)
    at process._tickCallback (internal/process/next_tick.js:104:9)
  name: 'MongoError',
  message: 'E11000 duplicate key error collection: sjlm.pages index: PageTitleUrl_1 dup key: { : null }',
  driver: true,
  index: 0,
  code: 11000,
  errmsg: 'E11000 duplicate key error collection: sjlm.pages index: PageTitleUrl_1 dup key: { : null }' }
[2019-01-17T23:07:14.681] [ERROR] error - { MongoError: E11000 duplicate key error collection: sjlm.pages index: PageTitleUrl_1 dup key: { : null }
    at Function.MongoError.create (/home/ubuntu/workspace/project/server/node_modules/mongodb-core/lib/error.js:49:10)
    at toError (/home/ubuntu/workspace/project/server/node_modules/mongodb/lib/utils.js:149:22)
    at coll.s.topology.insert (/home/ubuntu/workspace/project/server/node_modules/mongodb/lib/operations/collection_ops.js:803:39)
    at /home/ubuntu/workspace/project/server/node_modules/mongodb-core/lib/connection/pool.js:531:18
    at _combinedTickCallback (internal/process/next_tick.js:73:7)
    at process._tickCallback (internal/process/next_tick.js:104:9)
  name: 'MongoError',
  message: 'E11000 duplicate key error collection: sjlm.pages index: PageTitleUrl_1 dup key: { : null }',
  driver: true,
  index: 0,
  code: 11000,
  errmsg: 'E11000 duplicate key error collection: sjlm.pages index: PageTitleUrl_1 dup key: { : null }' }
[2019-01-17T23:07:30.435] [ERROR] error - { MongoError: E11000 duplicate key error collection: sjlm.pages index: PageTitleUrl_1 dup key: { : null }
    at Function.MongoError.create (/home/ubuntu/workspace/project/server/node_modules/mongodb-core/lib/error.js:49:10)
    at toError (/home/ubuntu/workspace/project/server/node_modules/mongodb/lib/utils.js:149:22)
    at coll.s.topology.insert (/home/ubuntu/workspace/project/server/node_modules/mongodb/lib/operations/collection_ops.js:803:39)
    at /home/ubuntu/workspace/project/server/node_modules/mongodb-core/lib/connection/pool.js:531:18
    at _combinedTickCallback (internal/process/next_tick.js:73:7)
    at process._tickCallback (internal/process/next_tick.js:104:9)
  name: 'MongoError',
  message: 'E11000 duplicate key error collection: sjlm.pages index: PageTitleUrl_1 dup key: { : null }',
  driver: true,
  index: 0,
  code: 11000,
  errmsg: 'E11000 duplicate key error collection: sjlm.pages index: PageTitleUrl_1 dup key: { : null }' }
[2019-01-17T23:17:43.793] [ERROR] error - { MongoError: E11000 duplicate key error collection: sjlm.pages index: PageTitleUrl_1 dup key: { : null }
    at Function.MongoError.create (/home/ubuntu/workspace/project/server/node_modules/mongodb-core/lib/error.js:49:10)
    at toError (/home/ubuntu/workspace/project/server/node_modules/mongodb/lib/utils.js:149:22)
    at coll.s.topology.insert (/home/ubuntu/workspace/project/server/node_modules/mongodb/lib/operations/collection_ops.js:803:39)
    at /home/ubuntu/workspace/project/server/node_modules/mongodb-core/lib/connection/pool.js:531:18
    at _combinedTickCallback (internal/process/next_tick.js:73:7)
    at process._tickCallback (internal/process/next_tick.js:104:9)
  name: 'MongoError',
  message: 'E11000 duplicate key error collection: sjlm.pages index: PageTitleUrl_1 dup key: { : null }',
  driver: true,
  index: 0,
  code: 11000,
  errmsg: 'E11000 duplicate key error collection: sjlm.pages index: PageTitleUrl_1 dup key: { : null }' }
[2019-01-17T23:18:51.673] [ERROR] error - { MongoError: E11000 duplicate key error collection: sjlm.pages index: PageTitleUrl_1 dup key: { : null }
    at Function.MongoError.create (/home/ubuntu/workspace/project/server/node_modules/mongodb-core/lib/error.js:49:10)
    at toError (/home/ubuntu/workspace/project/server/node_modules/mongodb/lib/utils.js:149:22)
    at coll.s.topology.insert (/home/ubuntu/workspace/project/server/node_modules/mongodb/lib/operations/collection_ops.js:803:39)
    at /home/ubuntu/workspace/project/server/node_modules/mongodb-core/lib/connection/pool.js:531:18
    at _combinedTickCallback (internal/process/next_tick.js:73:7)
    at process._tickCallback (internal/process/next_tick.js:104:9)
  name: 'MongoError',
  message: 'E11000 duplicate key error collection: sjlm.pages index: PageTitleUrl_1 dup key: { : null }',
  driver: true,
  index: 0,
  code: 11000,
  errmsg: 'E11000 duplicate key error collection: sjlm.pages index: PageTitleUrl_1 dup key: { : null }' }
[2019-01-17T23:19:20.949] [ERROR] error - { MongoError: E11000 duplicate key error collection: sjlm.pages index: PageTitle_1 dup key: { : "Histoire" }
    at Function.MongoError.create (/home/ubuntu/workspace/project/server/node_modules/mongodb-core/lib/error.js:49:10)
    at toError (/home/ubuntu/workspace/project/server/node_modules/mongodb/lib/utils.js:149:22)
    at coll.s.topology.insert (/home/ubuntu/workspace/project/server/node_modules/mongodb/lib/operations/collection_ops.js:803:39)
    at /home/ubuntu/workspace/project/server/node_modules/mongodb-core/lib/connection/pool.js:531:18
    at _combinedTickCallback (internal/process/next_tick.js:73:7)
    at process._tickCallback (internal/process/next_tick.js:104:9)
  name: 'MongoError',
  message: 'E11000 duplicate key error collection: sjlm.pages index: PageTitle_1 dup key: { : "Histoire" }',
  driver: true,
  index: 0,
  code: 11000,
  errmsg: 'E11000 duplicate key error collection: sjlm.pages index: PageTitle_1 dup key: { : "Histoire" }' }
[2019-01-17T23:21:23.483] [ERROR] error - { MongoError: E11000 duplicate key error collection: sjlm.pages index: PageTitleUrl_1 dup key: { : null }
    at Function.MongoError.create (/home/ubuntu/workspace/project/server/node_modules/mongodb-core/lib/error.js:49:10)
    at toError (/home/ubuntu/workspace/project/server/node_modules/mongodb/lib/utils.js:149:22)
    at coll.s.topology.insert (/home/ubuntu/workspace/project/server/node_modules/mongodb/lib/operations/collection_ops.js:803:39)
    at /home/ubuntu/workspace/project/server/node_modules/mongodb-core/lib/connection/pool.js:531:18
    at _combinedTickCallback (internal/process/next_tick.js:73:7)
    at process._tickCallback (internal/process/next_tick.js:104:9)
  name: 'MongoError',
  message: 'E11000 duplicate key error collection: sjlm.pages index: PageTitleUrl_1 dup key: { : null }',
  driver: true,
  index: 0,
  code: 11000,
  errmsg: 'E11000 duplicate key error collection: sjlm.pages index: PageTitleUrl_1 dup key: { : null }' }
[2019-01-18T01:25:18.458] [ERROR] error - { MongoError: E11000 duplicate key error collection: sjlm.pages index: PageTitleUrl_1 dup key: { : null }
    at Function.MongoError.create (/home/ubuntu/workspace/project/server/node_modules/mongodb-core/lib/error.js:49:10)
    at toError (/home/ubuntu/workspace/project/server/node_modules/mongodb/lib/utils.js:149:22)
    at coll.s.topology.insert (/home/ubuntu/workspace/project/server/node_modules/mongodb/lib/operations/collection_ops.js:803:39)
    at /home/ubuntu/workspace/project/server/node_modules/mongodb-core/lib/connection/pool.js:531:18
    at _combinedTickCallback (internal/process/next_tick.js:73:7)
    at process._tickCallback (internal/process/next_tick.js:104:9)
  name: 'MongoError',
  message: 'E11000 duplicate key error collection: sjlm.pages index: PageTitleUrl_1 dup key: { : null }',
  driver: true,
  index: 0,
  code: 11000,
  errmsg: 'E11000 duplicate key error collection: sjlm.pages index: PageTitleUrl_1 dup key: { : null }' }
[2019-01-18T01:27:02.343] [ERROR] error - { MongoError: E11000 duplicate key error collection: sjlm.pages index: PageTitleUrl_1 dup key: { : null }
    at Function.MongoError.create (/home/ubuntu/workspace/project/server/node_modules/mongodb-core/lib/error.js:49:10)
    at toError (/home/ubuntu/workspace/project/server/node_modules/mongodb/lib/utils.js:149:22)
    at coll.s.topology.insert (/home/ubuntu/workspace/project/server/node_modules/mongodb/lib/operations/collection_ops.js:803:39)
    at /home/ubuntu/workspace/project/server/node_modules/mongodb-core/lib/connection/pool.js:531:18
    at _combinedTickCallback (internal/process/next_tick.js:73:7)
    at process._tickCallback (internal/process/next_tick.js:104:9)
  name: 'MongoError',
  message: 'E11000 duplicate key error collection: sjlm.pages index: PageTitleUrl_1 dup key: { : null }',
  driver: true,
  index: 0,
  code: 11000,
  errmsg: 'E11000 duplicate key error collection: sjlm.pages index: PageTitleUrl_1 dup key: { : null }' }
[2019-01-18T01:27:58.303] [ERROR] error - { MongoError: E11000 duplicate key error collection: sjlm.pages index: PageTitleUrl_1 dup key: { : null }
    at Function.MongoError.create (/home/ubuntu/workspace/project/server/node_modules/mongodb-core/lib/error.js:49:10)
    at toError (/home/ubuntu/workspace/project/server/node_modules/mongodb/lib/utils.js:149:22)
    at coll.s.topology.insert (/home/ubuntu/workspace/project/server/node_modules/mongodb/lib/operations/collection_ops.js:803:39)
    at /home/ubuntu/workspace/project/server/node_modules/mongodb-core/lib/connection/pool.js:531:18
    at _combinedTickCallback (internal/process/next_tick.js:73:7)
    at process._tickCallback (internal/process/next_tick.js:104:9)
  name: 'MongoError',
  message: 'E11000 duplicate key error collection: sjlm.pages index: PageTitleUrl_1 dup key: { : null }',
  driver: true,
  index: 0,
  code: 11000,
  errmsg: 'E11000 duplicate key error collection: sjlm.pages index: PageTitleUrl_1 dup key: { : null }' }
[2019-01-18T01:29:57.521] [ERROR] error - { MongoError: E11000 duplicate key error collection: sjlm.pages index: PageTitleUrl_1 dup key: { : null }
    at Function.MongoError.create (/home/ubuntu/workspace/project/server/node_modules/mongodb-core/lib/error.js:49:10)
    at toError (/home/ubuntu/workspace/project/server/node_modules/mongodb/lib/utils.js:149:22)
    at coll.s.topology.insert (/home/ubuntu/workspace/project/server/node_modules/mongodb/lib/operations/collection_ops.js:803:39)
    at /home/ubuntu/workspace/project/server/node_modules/mongodb-core/lib/connection/pool.js:531:18
    at _combinedTickCallback (internal/process/next_tick.js:73:7)
    at process._tickCallback (internal/process/next_tick.js:104:9)
  name: 'MongoError',
  message: 'E11000 duplicate key error collection: sjlm.pages index: PageTitleUrl_1 dup key: { : null }',
  driver: true,
  index: 0,
  code: 11000,
  errmsg: 'E11000 duplicate key error collection: sjlm.pages index: PageTitleUrl_1 dup key: { : null }' }
[2019-01-18T01:31:50.093] [ERROR] error - { MongoError: E11000 duplicate key error collection: sjlm.pages index: PageTitleUrl_1 dup key: { : null }
    at Function.MongoError.create (/home/ubuntu/workspace/project/server/node_modules/mongodb-core/lib/error.js:49:10)
    at toError (/home/ubuntu/workspace/project/server/node_modules/mongodb/lib/utils.js:149:22)
    at coll.s.topology.insert (/home/ubuntu/workspace/project/server/node_modules/mongodb/lib/operations/collection_ops.js:803:39)
    at /home/ubuntu/workspace/project/server/node_modules/mongodb-core/lib/connection/pool.js:531:18
    at _combinedTickCallback (internal/process/next_tick.js:73:7)
    at process._tickCallback (internal/process/next_tick.js:104:9)
  name: 'MongoError',
  message: 'E11000 duplicate key error collection: sjlm.pages index: PageTitleUrl_1 dup key: { : null }',
  driver: true,
  index: 0,
  code: 11000,
  errmsg: 'E11000 duplicate key error collection: sjlm.pages index: PageTitleUrl_1 dup key: { : null }' }
[2019-01-18T01:37:20.033] [ERROR] error - { MongoError: E11000 duplicate key error collection: sjlm.pages index: PageTitle_1 dup key: { : "Taxes & Évaluations foncières" }
    at Function.MongoError.create (/home/ubuntu/workspace/project/server/node_modules/mongodb-core/lib/error.js:49:10)
    at toError (/home/ubuntu/workspace/project/server/node_modules/mongodb/lib/utils.js:149:22)
    at coll.s.topology.insert (/home/ubuntu/workspace/project/server/node_modules/mongodb/lib/operations/collection_ops.js:803:39)
    at /home/ubuntu/workspace/project/server/node_modules/mongodb-core/lib/connection/pool.js:531:18
    at _combinedTickCallback (internal/process/next_tick.js:73:7)
    at process._tickCallback (internal/process/next_tick.js:104:9)
  name: 'MongoError',
  message: 'E11000 duplicate key error collection: sjlm.pages index: PageTitle_1 dup key: { : "Taxes & Évaluations foncières" }',
  driver: true,
  index: 0,
  code: 11000,
  errmsg: 'E11000 duplicate key error collection: sjlm.pages index: PageTitle_1 dup key: { : "Taxes & Évaluations foncières" }' }
[2019-01-18T01:38:14.168] [ERROR] error - { MongoError: E11000 duplicate key error collection: sjlm.pages index: PageTitle_1 dup key: { : "Taxes & Évaluations foncières" }
    at Function.MongoError.create (/home/ubuntu/workspace/project/server/node_modules/mongodb-core/lib/error.js:49:10)
    at toError (/home/ubuntu/workspace/project/server/node_modules/mongodb/lib/utils.js:149:22)
    at coll.s.topology.insert (/home/ubuntu/workspace/project/server/node_modules/mongodb/lib/operations/collection_ops.js:803:39)
    at /home/ubuntu/workspace/project/server/node_modules/mongodb-core/lib/connection/pool.js:531:18
    at _combinedTickCallback (internal/process/next_tick.js:73:7)
    at process._tickCallback (internal/process/next_tick.js:104:9)
  name: 'MongoError',
  message: 'E11000 duplicate key error collection: sjlm.pages index: PageTitle_1 dup key: { : "Taxes & Évaluations foncières" }',
  driver: true,
  index: 0,
  code: 11000,
  errmsg: 'E11000 duplicate key error collection: sjlm.pages index: PageTitle_1 dup key: { : "Taxes & Évaluations foncières" }' }
[2019-01-18T01:47:00.119] [ERROR] error - { ValidationError: Pages validation failed: PageTitle: Validator failed for path `PageTitle` with value `Accès à l'information`
    at MongooseError.ValidationError (/home/ubuntu/workspace/project/server/node_modules/mongoose/lib/error/validation.js:27:11)
    at model.Document.invalidate (/home/ubuntu/workspace/project/server/node_modules/mongoose/lib/document.js:1880:32)
    at p.doValidate.skipSchemaValidators (/home/ubuntu/workspace/project/server/node_modules/mongoose/lib/document.js:1748:17)
    at /home/ubuntu/workspace/project/server/node_modules/mongoose/lib/schematype.js:808:9
    at _combinedTickCallback (internal/process/next_tick.js:73:7)
    at process._tickCallback (internal/process/next_tick.js:104:9)
  errors:
   { PageTitle:
      { ValidatorError: Validator failed for path `PageTitle` with value `Accès à l'information`
          at MongooseError.ValidatorError (/home/ubuntu/workspace/project/server/node_modules/mongoose/lib/error/validator.js:27:11)
          at validate (/home/ubuntu/workspace/project/server/node_modules/mongoose/lib/schematype.js:805:13)
          at /home/ubuntu/workspace/project/server/node_modules/mongoose/lib/schematype.js:854:11
          at Array.forEach (native)
          at SchemaString.SchemaType.doValidate (/home/ubuntu/workspace/project/server/node_modules/mongoose/lib/schematype.js:814:19)
          at /home/ubuntu/workspace/project/server/node_modules/mongoose/lib/document.js:1746:9
          at _combinedTickCallback (internal/process/next_tick.js:73:7)
          at process._tickCallback (internal/process/next_tick.js:104:9)
        message: 'Validator failed for path `PageTitle` with value `Accès à l\'information`',
        name: 'ValidatorError',
        properties: [Object],
        kind: 'user defined',
        path: 'PageTitle',
        value: 'Accès à l\'information',
        reason: undefined,
        '$isValidatorError': true } },
  _message: 'Pages validation failed',
  name: 'ValidationError' }
[2019-01-18T01:48:06.759] [ERROR] error - { ValidationError: Pages validation failed: PageTitle: Validator failed for path `PageTitle` with value `Virez Vert!`
    at MongooseError.ValidationError (/home/ubuntu/workspace/project/server/node_modules/mongoose/lib/error/validation.js:27:11)
    at model.Document.invalidate (/home/ubuntu/workspace/project/server/node_modules/mongoose/lib/document.js:1880:32)
    at p.doValidate.skipSchemaValidators (/home/ubuntu/workspace/project/server/node_modules/mongoose/lib/document.js:1748:17)
    at /home/ubuntu/workspace/project/server/node_modules/mongoose/lib/schematype.js:808:9
    at _combinedTickCallback (internal/process/next_tick.js:73:7)
    at process._tickCallback (internal/process/next_tick.js:104:9)
  errors:
   { PageTitle:
      { ValidatorError: Validator failed for path `PageTitle` with value `Virez Vert!`
          at MongooseError.ValidatorError (/home/ubuntu/workspace/project/server/node_modules/mongoose/lib/error/validator.js:27:11)
          at validate (/home/ubuntu/workspace/project/server/node_modules/mongoose/lib/schematype.js:805:13)
          at /home/ubuntu/workspace/project/server/node_modules/mongoose/lib/schematype.js:854:11
          at Array.forEach (native)
          at SchemaString.SchemaType.doValidate (/home/ubuntu/workspace/project/server/node_modules/mongoose/lib/schematype.js:814:19)
          at /home/ubuntu/workspace/project/server/node_modules/mongoose/lib/document.js:1746:9
          at _combinedTickCallback (internal/process/next_tick.js:73:7)
          at process._tickCallback (internal/process/next_tick.js:104:9)
        message: 'Validator failed for path `PageTitle` with value `Virez Vert!`',
        name: 'ValidatorError',
        properties: [Object],
        kind: 'user defined',
        path: 'PageTitle',
        value: 'Virez Vert!',
        reason: undefined,
        '$isValidatorError': true } },
  _message: 'Pages validation failed',
  name: 'ValidationError' }
[2019-01-18T01:48:37.856] [ERROR] error - { ValidationError: Pages validation failed: PageTitle: Validator failed for path `PageTitle` with value `Virez Vert!`
    at MongooseError.ValidationError (/home/ubuntu/workspace/project/server/node_modules/mongoose/lib/error/validation.js:27:11)
    at model.Document.invalidate (/home/ubuntu/workspace/project/server/node_modules/mongoose/lib/document.js:1880:32)
    at p.doValidate.skipSchemaValidators (/home/ubuntu/workspace/project/server/node_modules/mongoose/lib/document.js:1748:17)
    at /home/ubuntu/workspace/project/server/node_modules/mongoose/lib/schematype.js:808:9
    at _combinedTickCallback (internal/process/next_tick.js:73:7)
    at process._tickCallback (internal/process/next_tick.js:104:9)
  errors:
   { PageTitle:
      { ValidatorError: Validator failed for path `PageTitle` with value `Virez Vert!`
          at MongooseError.ValidatorError (/home/ubuntu/workspace/project/server/node_modules/mongoose/lib/error/validator.js:27:11)
          at validate (/home/ubuntu/workspace/project/server/node_modules/mongoose/lib/schematype.js:805:13)
          at /home/ubuntu/workspace/project/server/node_modules/mongoose/lib/schematype.js:854:11
          at Array.forEach (native)
          at SchemaString.SchemaType.doValidate (/home/ubuntu/workspace/project/server/node_modules/mongoose/lib/schematype.js:814:19)
          at /home/ubuntu/workspace/project/server/node_modules/mongoose/lib/document.js:1746:9
          at _combinedTickCallback (internal/process/next_tick.js:73:7)
          at process._tickCallback (internal/process/next_tick.js:104:9)
        message: 'Validator failed for path `PageTitle` with value `Virez Vert!`',
        name: 'ValidatorError',
        properties: [Object],
        kind: 'user defined',
        path: 'PageTitle',
        value: 'Virez Vert!',
        reason: undefined,
        '$isValidatorError': true } },
  _message: 'Pages validation failed',
  name: 'ValidationError' }
[2019-01-18T01:49:03.864] [ERROR] error - { MongoError: E11000 duplicate key error collection: sjlm.navigationlinks index: Link_1 dup key: { : "/pages/static/histoire" }
    at Function.MongoError.create (/home/ubuntu/workspace/project/server/node_modules/mongodb-core/lib/error.js:49:10)
    at toError (/home/ubuntu/workspace/project/server/node_modules/mongodb/lib/utils.js:149:22)
    at coll.s.topology.insert (/home/ubuntu/workspace/project/server/node_modules/mongodb/lib/operations/collection_ops.js:803:39)
    at /home/ubuntu/workspace/project/server/node_modules/mongodb-core/lib/connection/pool.js:531:18
    at _combinedTickCallback (internal/process/next_tick.js:73:7)
    at process._tickCallback (internal/process/next_tick.js:104:9)
  name: 'MongoError',
  message: 'E11000 duplicate key error collection: sjlm.navigationlinks index: Link_1 dup key: { : "/pages/static/histoire" }',
  driver: true,
  index: 0,
  code: 11000,
  errmsg: 'E11000 duplicate key error collection: sjlm.navigationlinks index: Link_1 dup key: { : "/pages/static/histoire" }' }
[2019-01-18T01:55:59.737] [ERROR] error - { MongoError: E11000 duplicate key error collection: sjlm.navigationlinks index: Link_1 dup key: { : "/pages/static/ecocentre" }
    at Function.MongoError.create (/home/ubuntu/workspace/project/server/node_modules/mongodb-core/lib/error.js:49:10)
    at toError (/home/ubuntu/workspace/project/server/node_modules/mongodb/lib/utils.js:149:22)
    at coll.s.topology.insert (/home/ubuntu/workspace/project/server/node_modules/mongodb/lib/operations/collection_ops.js:803:39)
    at /home/ubuntu/workspace/project/server/node_modules/mongodb-core/lib/connection/pool.js:531:18
    at _combinedTickCallback (internal/process/next_tick.js:73:7)
    at process._tickCallback (internal/process/next_tick.js:104:9)
  name: 'MongoError',
  message: 'E11000 duplicate key error collection: sjlm.navigationlinks index: Link_1 dup key: { : "/pages/static/ecocentre" }',
  driver: true,
  index: 0,
  code: 11000,
  errmsg: 'E11000 duplicate key error collection: sjlm.navigationlinks index: Link_1 dup key: { : "/pages/static/ecocentre" }' }
[2019-01-18T01:58:26.550] [ERROR] error - { MongoError: E11000 duplicate key error collection: sjlm.navigationlinks index: Link_1 dup key: { : "/pages/static/histoire" }
    at Function.MongoError.create (/home/ubuntu/workspace/project/server/node_modules/mongodb-core/lib/error.js:49:10)
    at toError (/home/ubuntu/workspace/project/server/node_modules/mongodb/lib/utils.js:149:22)
    at coll.s.topology.insert (/home/ubuntu/workspace/project/server/node_modules/mongodb/lib/operations/collection_ops.js:803:39)
    at /home/ubuntu/workspace/project/server/node_modules/mongodb-core/lib/connection/pool.js:531:18
    at _combinedTickCallback (internal/process/next_tick.js:73:7)
    at process._tickCallback (internal/process/next_tick.js:104:9)
  name: 'MongoError',
  message: 'E11000 duplicate key error collection: sjlm.navigationlinks index: Link_1 dup key: { : "/pages/static/histoire" }',
  driver: true,
  index: 0,
  code: 11000,
  errmsg: 'E11000 duplicate key error collection: sjlm.navigationlinks index: Link_1 dup key: { : "/pages/static/histoire" }' }
[2019-01-18T02:56:18.200] [ERROR] error - { CastError: Cast to ObjectId failed for value "/pages/static/budget_annuel_" at path "_id" for model "NavigationLinks"
    at MongooseError.CastError (/home/ubuntu/workspace/project/server/node_modules/mongoose/lib/error/cast.js:29:11)
    at ObjectId.cast (/home/ubuntu/workspace/project/server/node_modules/mongoose/lib/schema/objectid.js:155:13)
    at ObjectId.SchemaType.applySetters (/home/ubuntu/workspace/project/server/node_modules/mongoose/lib/schematype.js:724:12)
    at ObjectId.SchemaType._castForQuery (/home/ubuntu/workspace/project/server/node_modules/mongoose/lib/schematype.js:1113:15)
    at ObjectId.SchemaType.castForQuery (/home/ubuntu/workspace/project/server/node_modules/mongoose/lib/schematype.js:1103:15)
    at /home/ubuntu/workspace/project/server/node_modules/mongoose/lib/schematype.js:1052:18
    at Array.map (native)
    at ObjectId.handle$in (/home/ubuntu/workspace/project/server/node_modules/mongoose/lib/schematype.js:1048:14)
    at ObjectId.SchemaType.castForQuery (/home/ubuntu/workspace/project/server/node_modules/mongoose/lib/schematype.js:1100:20)
    at ObjectId.SchemaType.castForQueryWrapper (/home/ubuntu/workspace/project/server/node_modules/mongoose/lib/schematype.js:1077:17)
    at cast (/home/ubuntu/workspace/project/server/node_modules/mongoose/lib/cast.js:284:39)
    at Query.cast (/home/ubuntu/workspace/project/server/node_modules/mongoose/lib/query.js:3751:12)
    at Query._castConditions (/home/ubuntu/workspace/project/server/node_modules/mongoose/lib/query.js:1549:10)
    at Query._find (/home/ubuntu/workspace/project/server/node_modules/mongoose/lib/query.js:1564:8)
    at process.nextTick (/home/ubuntu/workspace/project/server/node_modules/kareem/index.js:333:33)
    at _combinedTickCallback (internal/process/next_tick.js:73:7)
  message: 'Cast to ObjectId failed for value "/pages/static/budget_annuel_" at path "_id" for model "NavigationLinks"',
  name: 'CastError',
  stringValue: '"/pages/static/budget_annuel_"',
  kind: 'ObjectId',
  value: '/pages/static/budget_annuel_',
  path: '_id',
  reason: undefined,
  model:
   { [Function: model]
     hooks: Kareem { _pres: [Object], _posts: [Object] },
     base:
      Mongoose {
        connections: [Object],
        models: [Object],
        modelSchemas: [Object],
        options: [Object],
        _pluralize: [Function: pluralize],
        plugins: [Object] },
     modelName: 'NavigationLinks',
     model: [Function: model],
     db:
      NativeConnection {
        base: [Object],
        collections: [Object],
        models: [Object],
        config: [Object],
        replica: false,
        options: null,
        otherDbs: [],
        relatedDbs: {},
        states: [Object],
        _readyState: 1,
        _closeCalled: false,
        _hasOpened: true,
        _listening: false,
        _connectionOptions: [Object],
        name: 'sjlm',
        host: 'localhost',
        port: 27017,
        user: null,
        pass: null,
        client: [Object],
        '$initialConnection': [Object],
        db: [Object] },
     discriminators: undefined,
     '$appliedMethods': true,
     findByIdAndCleanse: [Function],
     '$appliedHooks': true,
     schema:
      Schema {
        obj: [Object],
        paths: [Object],
        aliases: {},
        subpaths: {},
        virtuals: [Object],
        singleNestedPaths: {},
        nested: {},
        inherits: {},
        callQueue: [],
        _indexes: [],
        methods: {},
        methodOptions: {},
        statics: [Object],
        tree: [Object],
        query: {},
        childSchemas: [],
        plugins: [Object],
        s: [Object],
        _userProvidedOptions: {},
        options: [Object],
        '$globalPluginsApplied': true },
     collection:
      NativeCollection {
        collection: [Object],
        opts: [Object],
        name: 'navigationlinks',
        collectionName: 'navigationlinks',
        conn: [Object],
        queue: [],
        buffer: false,
        emitter: [Object] },
     Query: { [Function] base: [Object] },
     '$__insertMany': [Function],
     '$init': Promise { null, catch: [Function] } } }
[2019-01-18T02:57:21.915] [ERROR] error - TypeError: The returned value was null
    at Object.Utility.CheckIfNull (/home/ubuntu/workspace/project/server/utils/utility.js:73:15)
    at Object.Utility.GenerateResponse (/home/ubuntu/workspace/project/server/utils/utility.js:56:13)
    at Query.exec.then (/home/ubuntu/workspace/project/server/api/PagesAPI.js:22:21)
[2019-01-18T02:57:21.916] [ERROR] error - TypeError: The returned value was null
    at Object.Utility.CheckIfNull (/home/ubuntu/workspace/project/server/utils/utility.js:73:15)
    at Object.Utility.GenerateResponse (/home/ubuntu/workspace/project/server/utils/utility.js:56:13)
    at Query.exec.then (/home/ubuntu/workspace/project/server/api/PagesAPI.js:22:21)
[2019-01-18T02:57:21.939] [ERROR] error - TypeError: The returned value was null
    at Object.Utility.CheckIfNull (/home/ubuntu/workspace/project/server/utils/utility.js:73:15)
    at Object.Utility.GenerateResponse (/home/ubuntu/workspace/project/server/utils/utility.js:56:13)
    at Query.exec.then (/home/ubuntu/workspace/project/server/api/PagesAPI.js:22:21)
[2019-01-18T02:57:22.520] [ERROR] error - TypeError: The returned value was null
    at Object.Utility.CheckIfNull (/home/ubuntu/workspace/project/server/utils/utility.js:73:15)
    at Object.Utility.GenerateResponse (/home/ubuntu/workspace/project/server/utils/utility.js:56:13)
    at Query.exec.then (/home/ubuntu/workspace/project/server/api/PagesAPI.js:22:21)
[2019-01-18T02:57:52.137] [ERROR] error - TypeError: The returned value was null
    at Object.Utility.CheckIfNull (/home/ubuntu/workspace/project/server/utils/utility.js:73:15)
    at Object.Utility.GenerateResponse (/home/ubuntu/workspace/project/server/utils/utility.js:56:13)
    at Query.exec.then (/home/ubuntu/workspace/project/server/api/PagesAPI.js:22:21)
[2019-01-18T02:57:52.139] [ERROR] error - TypeError: The returned value was null
    at Object.Utility.CheckIfNull (/home/ubuntu/workspace/project/server/utils/utility.js:73:15)
    at Object.Utility.GenerateResponse (/home/ubuntu/workspace/project/server/utils/utility.js:56:13)
    at Query.exec.then (/home/ubuntu/workspace/project/server/api/PagesAPI.js:22:21)
[2019-01-18T02:57:52.676] [ERROR] error - TypeError: The returned value was null
    at Object.Utility.CheckIfNull (/home/ubuntu/workspace/project/server/utils/utility.js:73:15)
    at Object.Utility.GenerateResponse (/home/ubuntu/workspace/project/server/utils/utility.js:56:13)
    at Query.exec.then (/home/ubuntu/workspace/project/server/api/PagesAPI.js:22:21)
[2019-01-18T02:58:18.611] [ERROR] error - TypeError: The returned value was null
    at Object.Utility.CheckIfNull (/home/ubuntu/workspace/project/server/utils/utility.js:73:15)
    at Object.Utility.GenerateResponse (/home/ubuntu/workspace/project/server/utils/utility.js:56:13)
    at Query.exec.then (/home/ubuntu/workspace/project/server/api/PagesAPI.js:22:21)
[2019-01-18T02:58:39.816] [ERROR] error - TypeError: The returned value was null
    at Object.Utility.CheckIfNull (/home/ubuntu/workspace/project/server/utils/utility.js:73:15)
    at Object.Utility.GenerateResponse (/home/ubuntu/workspace/project/server/utils/utility.js:56:13)
    at Query.exec.then (/home/ubuntu/workspace/project/server/api/PagesAPI.js:22:21)
[2019-01-18T02:58:43.871] [ERROR] error - TypeError: The returned value was null
    at Object.Utility.CheckIfNull (/home/ubuntu/workspace/project/server/utils/utility.js:73:15)
    at Object.Utility.GenerateResponse (/home/ubuntu/workspace/project/server/utils/utility.js:56:13)
    at Query.exec.then (/home/ubuntu/workspace/project/server/api/PagesAPI.js:22:21)
[2019-01-18T02:58:50.882] [ERROR] error - TypeError: The returned value was null
    at Object.Utility.CheckIfNull (/home/ubuntu/workspace/project/server/utils/utility.js:73:15)
    at Object.Utility.GenerateResponse (/home/ubuntu/workspace/project/server/utils/utility.js:56:13)
    at Query.exec.then (/home/ubuntu/workspace/project/server/api/PagesAPI.js:22:21)
[2019-01-18T02:59:21.029] [ERROR] error - TypeError: The returned value was null
    at Object.Utility.CheckIfNull (/home/ubuntu/workspace/project/server/utils/utility.js:73:15)
    at Object.Utility.GenerateResponse (/home/ubuntu/workspace/project/server/utils/utility.js:56:13)
    at Query.exec.then (/home/ubuntu/workspace/project/server/api/PagesAPI.js:22:21)
[2019-01-18T03:05:45.319] [ERROR] error - TypeError: The returned value was null
    at Object.Utility.CheckIfNull (/home/ubuntu/workspace/project/server/utils/utility.js:73:15)
    at Object.Utility.GenerateResponse (/home/ubuntu/workspace/project/server/utils/utility.js:56:13)
    at Query.exec.then (/home/ubuntu/workspace/project/server/api/CategoryNewsAPI.js:25:21)
[2019-01-18T03:25:35.544] [ERROR] error - TypeError: Cannot read property '_id' of null
    at CategoryNews.findOne.exec.then (/home/ubuntu/workspace/project/server/api/NewsAPI.js:91:43)
[2019-01-18T03:25:35.610] [ERROR] error - TypeError: Cannot read property '_id' of null
    at CategoryNews.findOne.exec.then (/home/ubuntu/workspace/project/server/api/NewsAPI.js:91:43)
[2019-01-18T03:25:35.611] [ERROR] error - TypeError: The returned value was null
    at Object.Utility.CheckIfNull (/home/ubuntu/workspace/project/server/utils/utility.js:73:15)
    at Object.Utility.GenerateResponse (/home/ubuntu/workspace/project/server/utils/utility.js:56:13)
    at Query.exec.then (/home/ubuntu/workspace/project/server/api/CategoryNewsAPI.js:25:21)
[2019-01-18T03:25:35.730] [ERROR] error - TypeError: The returned value was null
    at Object.Utility.CheckIfNull (/home/ubuntu/workspace/project/server/utils/utility.js:73:15)
    at Object.Utility.GenerateResponse (/home/ubuntu/workspace/project/server/utils/utility.js:56:13)
    at Query.exec.then (/home/ubuntu/workspace/project/server/api/CategoryNewsAPI.js:25:21)
[2019-01-18T03:25:36.164] [ERROR] error - TypeError: Cannot read property '_id' of null
    at CategoryNews.findOne.exec.then (/home/ubuntu/workspace/project/server/api/NewsAPI.js:91:43)
[2019-01-18T03:25:36.221] [ERROR] error - TypeError: Cannot read property '_id' of null
    at CategoryNews.findOne.exec.then (/home/ubuntu/workspace/project/server/api/NewsAPI.js:91:43)
[2019-01-18T03:25:36.229] [ERROR] error - TypeError: The returned value was null
    at Object.Utility.CheckIfNull (/home/ubuntu/workspace/project/server/utils/utility.js:73:15)
    at Object.Utility.GenerateResponse (/home/ubuntu/workspace/project/server/utils/utility.js:56:13)
    at Query.exec.then (/home/ubuntu/workspace/project/server/api/CategoryNewsAPI.js:25:21)
[2019-01-18T03:25:36.288] [ERROR] error - TypeError: The returned value was null
    at Object.Utility.CheckIfNull (/home/ubuntu/workspace/project/server/utils/utility.js:73:15)
    at Object.Utility.GenerateResponse (/home/ubuntu/workspace/project/server/utils/utility.js:56:13)
    at Query.exec.then (/home/ubuntu/workspace/project/server/api/CategoryNewsAPI.js:25:21)
[2019-01-18T03:31:58.632] [ERROR] error - TypeError: The returned value was null
    at Object.Utility.CheckIfNull (/home/ubuntu/workspace/project/server/utils/utility.js:73:15)
    at Object.Utility.GenerateResponse (/home/ubuntu/workspace/project/server/utils/utility.js:56:13)
    at Query.exec.then (/home/ubuntu/workspace/project/server/api/CategoryNewsAPI.js:26:21)
[2019-01-18T03:37:18.991] [ERROR] error - TypeError: The returned value was null
    at Object.Utility.CheckIfNull (/home/ubuntu/workspace/project/server/utils/utility.js:73:15)
    at Object.Utility.GenerateResponse (/home/ubuntu/workspace/project/server/utils/utility.js:56:13)
    at CategoryNews.findOne.then (/home/ubuntu/workspace/project/server/api/CategoryNewsAPI.js:28:33)
[2019-01-21T00:59:59.027] [ERROR] error - { ValidationError: News validation failed: DateFrom: Cast to Date failed for value "2015-06-5T17:00:00.000Z" at path "DateFrom"
    at MongooseError.ValidationError (/home/ubuntu/workspace/project/server/node_modules/mongoose/lib/error/validation.js:27:11)
    at model.Document.invalidate (/home/ubuntu/workspace/project/server/node_modules/mongoose/lib/document.js:1880:32)
    at model.$set (/home/ubuntu/workspace/project/server/node_modules/mongoose/lib/document.js:878:10)
    at model._handleIndex (/home/ubuntu/workspace/project/server/node_modules/mongoose/lib/document.js:688:14)
    at model.$set (/home/ubuntu/workspace/project/server/node_modules/mongoose/lib/document.js:645:22)
    at model.Document (/home/ubuntu/workspace/project/server/node_modules/mongoose/lib/document.js:112:12)
    at model.Model (/home/ubuntu/workspace/project/server/node_modules/mongoose/lib/model.js:65:12)
    at new model (/home/ubuntu/workspace/project/server/node_modules/mongoose/lib/model.js:4298:13)
    at toExecute.push.error (/home/ubuntu/workspace/project/server/node_modules/mongoose/lib/model.js:2464:22)
    at /home/ubuntu/workspace/project/server/node_modules/async/internal/parallel.js:31:39
    at eachOfArrayLike (/home/ubuntu/workspace/project/server/node_modules/async/eachOf.js:65:9)
    at exports.default (/home/ubuntu/workspace/project/server/node_modules/async/eachOf.js:9:5)
    at _parallel (/home/ubuntu/workspace/project/server/node_modules/async/internal/parallel.js:30:5)
    at parallelLimit (/home/ubuntu/workspace/project/server/node_modules/async/parallel.js:88:26)
    at utils.promiseOrCallback.cb (/home/ubuntu/workspace/project/server/node_modules/mongoose/lib/model.js:2474:5)
    at Promise (/home/ubuntu/workspace/project/server/node_modules/mongoose/lib/utils.js:234:5)
  errors: 
   { DateFrom: 
      { CastError: Cast to Date failed for value "2015-06-5T17:00:00.000Z" at path "DateFrom"
          at MongooseError.CastError (/home/ubuntu/workspace/project/server/node_modules/mongoose/lib/error/cast.js:29:11)
          at model.$set (/home/ubuntu/workspace/project/server/node_modules/mongoose/lib/document.js:879:7)
          at model._handleIndex (/home/ubuntu/workspace/project/server/node_modules/mongoose/lib/document.js:688:14)
          at model.$set (/home/ubuntu/workspace/project/server/node_modules/mongoose/lib/document.js:645:22)
          at model.Document (/home/ubuntu/workspace/project/server/node_modules/mongoose/lib/document.js:112:12)
          at model.Model (/home/ubuntu/workspace/project/server/node_modules/mongoose/lib/model.js:65:12)
          at new model (/home/ubuntu/workspace/project/server/node_modules/mongoose/lib/model.js:4298:13)
          at toExecute.push.error (/home/ubuntu/workspace/project/server/node_modules/mongoose/lib/model.js:2464:22)
          at /home/ubuntu/workspace/project/server/node_modules/async/internal/parallel.js:31:39
          at eachOfArrayLike (/home/ubuntu/workspace/project/server/node_modules/async/eachOf.js:65:9)
          at exports.default (/home/ubuntu/workspace/project/server/node_modules/async/eachOf.js:9:5)
          at _parallel (/home/ubuntu/workspace/project/server/node_modules/async/internal/parallel.js:30:5)
          at parallelLimit (/home/ubuntu/workspace/project/server/node_modules/async/parallel.js:88:26)
          at utils.promiseOrCallback.cb (/home/ubuntu/workspace/project/server/node_modules/mongoose/lib/model.js:2474:5)
          at Promise (/home/ubuntu/workspace/project/server/node_modules/mongoose/lib/utils.js:234:5)
          at Object.promiseOrCallback (/home/ubuntu/workspace/project/server/node_modules/mongoose/lib/utils.js:233:10)
        message: 'Cast to Date failed for value "2015-06-5T17:00:00.000Z" at path "DateFrom"',
        name: 'CastError',
        stringValue: '"2015-06-5T17:00:00.000Z"',
        kind: 'Date',
        value: '2015-06-5T17:00:00.000Z',
        path: 'DateFrom',
        reason: [Object] } },
  _message: 'News validation failed',
  name: 'ValidationError' }
[2019-01-21T01:52:45.323] [ERROR] error - { ValidationError: Menu validation failed: ParentMenu: Cast to ObjectID failed for value "" at path "ParentMenu", Title: Path `Title` (`Centre local de développement Jardins-de-Napierville`) is longer than the maximum allowed length (50).
    at MongooseError.ValidationError (/home/ubuntu/workspace/project/server/node_modules/mongoose/lib/error/validation.js:27:11)
    at model.Document.invalidate (/home/ubuntu/workspace/project/server/node_modules/mongoose/lib/document.js:1880:32)
    at model.$set (/home/ubuntu/workspace/project/server/node_modules/mongoose/lib/document.js:878:10)
    at model._handleIndex (/home/ubuntu/workspace/project/server/node_modules/mongoose/lib/document.js:688:14)
    at model.$set (/home/ubuntu/workspace/project/server/node_modules/mongoose/lib/document.js:645:22)
    at model.Document (/home/ubuntu/workspace/project/server/node_modules/mongoose/lib/document.js:112:12)
    at model.Model (/home/ubuntu/workspace/project/server/node_modules/mongoose/lib/model.js:65:12)
    at new model (/home/ubuntu/workspace/project/server/node_modules/mongoose/lib/model.js:4298:13)
    at toExecute.push.error (/home/ubuntu/workspace/project/server/node_modules/mongoose/lib/model.js:2464:22)
    at /home/ubuntu/workspace/project/server/node_modules/async/internal/parallel.js:31:39
    at eachOfArrayLike (/home/ubuntu/workspace/project/server/node_modules/async/eachOf.js:65:9)
    at exports.default (/home/ubuntu/workspace/project/server/node_modules/async/eachOf.js:9:5)
    at _parallel (/home/ubuntu/workspace/project/server/node_modules/async/internal/parallel.js:30:5)
    at parallelLimit (/home/ubuntu/workspace/project/server/node_modules/async/parallel.js:88:26)
    at utils.promiseOrCallback.cb (/home/ubuntu/workspace/project/server/node_modules/mongoose/lib/model.js:2474:5)
    at Promise (/home/ubuntu/workspace/project/server/node_modules/mongoose/lib/utils.js:234:5)
  errors: 
   { ParentMenu: 
      { CastError: Cast to ObjectID failed for value "" at path "ParentMenu"
          at MongooseError.CastError (/home/ubuntu/workspace/project/server/node_modules/mongoose/lib/error/cast.js:29:11)
          at model.$set (/home/ubuntu/workspace/project/server/node_modules/mongoose/lib/document.js:879:7)
          at model._handleIndex (/home/ubuntu/workspace/project/server/node_modules/mongoose/lib/document.js:688:14)
          at model.$set (/home/ubuntu/workspace/project/server/node_modules/mongoose/lib/document.js:645:22)
          at model.Document (/home/ubuntu/workspace/project/server/node_modules/mongoose/lib/document.js:112:12)
          at model.Model (/home/ubuntu/workspace/project/server/node_modules/mongoose/lib/model.js:65:12)
          at new model (/home/ubuntu/workspace/project/server/node_modules/mongoose/lib/model.js:4298:13)
          at toExecute.push.error (/home/ubuntu/workspace/project/server/node_modules/mongoose/lib/model.js:2464:22)
          at /home/ubuntu/workspace/project/server/node_modules/async/internal/parallel.js:31:39
          at eachOfArrayLike (/home/ubuntu/workspace/project/server/node_modules/async/eachOf.js:65:9)
          at exports.default (/home/ubuntu/workspace/project/server/node_modules/async/eachOf.js:9:5)
          at _parallel (/home/ubuntu/workspace/project/server/node_modules/async/internal/parallel.js:30:5)
          at parallelLimit (/home/ubuntu/workspace/project/server/node_modules/async/parallel.js:88:26)
          at utils.promiseOrCallback.cb (/home/ubuntu/workspace/project/server/node_modules/mongoose/lib/model.js:2474:5)
          at Promise (/home/ubuntu/workspace/project/server/node_modules/mongoose/lib/utils.js:234:5)
          at Object.promiseOrCallback (/home/ubuntu/workspace/project/server/node_modules/mongoose/lib/utils.js:233:10)
        message: 'Cast to ObjectID failed for value "" at path "ParentMenu"',
        name: 'CastError',
        stringValue: '""',
        kind: 'ObjectID',
        value: '',
        path: 'ParentMenu',
        reason: [Object] },
     Title: 
      { ValidatorError: Path `Title` (`Centre local de développement Jardins-de-Napierville`) is longer than the maximum allowed length (50).
          at MongooseError.ValidatorError (/home/ubuntu/workspace/project/server/node_modules/mongoose/lib/error/validator.js:27:11)
          at validate (/home/ubuntu/workspace/project/server/node_modules/mongoose/lib/schematype.js:805:13)
          at /home/ubuntu/workspace/project/server/node_modules/mongoose/lib/schematype.js:854:11
          at Array.forEach (native)
          at SchemaString.SchemaType.doValidate (/home/ubuntu/workspace/project/server/node_modules/mongoose/lib/schematype.js:814:19)
          at /home/ubuntu/workspace/project/server/node_modules/mongoose/lib/document.js:1746:9
          at _combinedTickCallback (internal/process/next_tick.js:73:7)
          at process._tickCallback (internal/process/next_tick.js:104:9)
        message: 'Path `Title` (`Centre local de développement Jardins-de-Napierville`) is longer than the maximum allowed length (50).',
        name: 'ValidatorError',
        properties: [Object],
        kind: 'maxlength',
        path: 'Title',
        value: 'Centre local de développement Jardins-de-Napierville',
        reason: undefined,
        '$isValidatorError': true } },
  _message: 'Menu validation failed',
  name: 'ValidationError' }
[2019-01-21T01:57:29.322] [ERROR] error - { ValidationError: Menu validation failed: Link: Cast to ObjectID failed for value "" at path "Link"
    at MongooseError.ValidationError (/home/ubuntu/workspace/project/server/node_modules/mongoose/lib/error/validation.js:27:11)
    at model.Document.invalidate (/home/ubuntu/workspace/project/server/node_modules/mongoose/lib/document.js:1880:32)
    at model.$set (/home/ubuntu/workspace/project/server/node_modules/mongoose/lib/document.js:878:10)
    at model._handleIndex (/home/ubuntu/workspace/project/server/node_modules/mongoose/lib/document.js:688:14)
    at model.$set (/home/ubuntu/workspace/project/server/node_modules/mongoose/lib/document.js:645:22)
    at model.Document (/home/ubuntu/workspace/project/server/node_modules/mongoose/lib/document.js:112:12)
    at model.Model (/home/ubuntu/workspace/project/server/node_modules/mongoose/lib/model.js:65:12)
    at new model (/home/ubuntu/workspace/project/server/node_modules/mongoose/lib/model.js:4298:13)
    at toExecute.push.error (/home/ubuntu/workspace/project/server/node_modules/mongoose/lib/model.js:2464:22)
    at /home/ubuntu/workspace/project/server/node_modules/async/internal/parallel.js:31:39
    at eachOfArrayLike (/home/ubuntu/workspace/project/server/node_modules/async/eachOf.js:65:9)
    at exports.default (/home/ubuntu/workspace/project/server/node_modules/async/eachOf.js:9:5)
    at _parallel (/home/ubuntu/workspace/project/server/node_modules/async/internal/parallel.js:30:5)
    at parallelLimit (/home/ubuntu/workspace/project/server/node_modules/async/parallel.js:88:26)
    at utils.promiseOrCallback.cb (/home/ubuntu/workspace/project/server/node_modules/mongoose/lib/model.js:2474:5)
    at Promise (/home/ubuntu/workspace/project/server/node_modules/mongoose/lib/utils.js:234:5)
  errors: 
   { Link: 
      { CastError: Cast to ObjectID failed for value "" at path "Link"
          at MongooseError.CastError (/home/ubuntu/workspace/project/server/node_modules/mongoose/lib/error/cast.js:29:11)
          at model.$set (/home/ubuntu/workspace/project/server/node_modules/mongoose/lib/document.js:879:7)
          at model._handleIndex (/home/ubuntu/workspace/project/server/node_modules/mongoose/lib/document.js:688:14)
          at model.$set (/home/ubuntu/workspace/project/server/node_modules/mongoose/lib/document.js:645:22)
          at model.Document (/home/ubuntu/workspace/project/server/node_modules/mongoose/lib/document.js:112:12)
          at model.Model (/home/ubuntu/workspace/project/server/node_modules/mongoose/lib/model.js:65:12)
          at new model (/home/ubuntu/workspace/project/server/node_modules/mongoose/lib/model.js:4298:13)
          at toExecute.push.error (/home/ubuntu/workspace/project/server/node_modules/mongoose/lib/model.js:2464:22)
          at /home/ubuntu/workspace/project/server/node_modules/async/internal/parallel.js:31:39
          at eachOfArrayLike (/home/ubuntu/workspace/project/server/node_modules/async/eachOf.js:65:9)
          at exports.default (/home/ubuntu/workspace/project/server/node_modules/async/eachOf.js:9:5)
          at _parallel (/home/ubuntu/workspace/project/server/node_modules/async/internal/parallel.js:30:5)
          at parallelLimit (/home/ubuntu/workspace/project/server/node_modules/async/parallel.js:88:26)
          at utils.promiseOrCallback.cb (/home/ubuntu/workspace/project/server/node_modules/mongoose/lib/model.js:2474:5)
          at Promise (/home/ubuntu/workspace/project/server/node_modules/mongoose/lib/utils.js:234:5)
          at Object.promiseOrCallback (/home/ubuntu/workspace/project/server/node_modules/mongoose/lib/utils.js:233:10)
        message: 'Cast to ObjectID failed for value "" at path "Link"',
        name: 'CastError',
        stringValue: '""',
        kind: 'ObjectID',
        value: '',
        path: 'Link',
        reason: [Object] } },
  _message: 'Menu validation failed',
  name: 'ValidationError' }
[2019-01-21T01:57:37.031] [ERROR] error - { ValidationError: Menu validation failed: Link: Cast to ObjectID failed for value "" at path "Link"
    at MongooseError.ValidationError (/home/ubuntu/workspace/project/server/node_modules/mongoose/lib/error/validation.js:27:11)
    at model.Document.invalidate (/home/ubuntu/workspace/project/server/node_modules/mongoose/lib/document.js:1880:32)
    at model.$set (/home/ubuntu/workspace/project/server/node_modules/mongoose/lib/document.js:878:10)
    at model._handleIndex (/home/ubuntu/workspace/project/server/node_modules/mongoose/lib/document.js:688:14)
    at model.$set (/home/ubuntu/workspace/project/server/node_modules/mongoose/lib/document.js:645:22)
    at model.Document (/home/ubuntu/workspace/project/server/node_modules/mongoose/lib/document.js:112:12)
    at model.Model (/home/ubuntu/workspace/project/server/node_modules/mongoose/lib/model.js:65:12)
    at new model (/home/ubuntu/workspace/project/server/node_modules/mongoose/lib/model.js:4298:13)
    at toExecute.push.error (/home/ubuntu/workspace/project/server/node_modules/mongoose/lib/model.js:2464:22)
    at /home/ubuntu/workspace/project/server/node_modules/async/internal/parallel.js:31:39
    at eachOfArrayLike (/home/ubuntu/workspace/project/server/node_modules/async/eachOf.js:65:9)
    at exports.default (/home/ubuntu/workspace/project/server/node_modules/async/eachOf.js:9:5)
    at _parallel (/home/ubuntu/workspace/project/server/node_modules/async/internal/parallel.js:30:5)
    at parallelLimit (/home/ubuntu/workspace/project/server/node_modules/async/parallel.js:88:26)
    at utils.promiseOrCallback.cb (/home/ubuntu/workspace/project/server/node_modules/mongoose/lib/model.js:2474:5)
    at Promise (/home/ubuntu/workspace/project/server/node_modules/mongoose/lib/utils.js:234:5)
  errors: 
   { Link: 
      { CastError: Cast to ObjectID failed for value "" at path "Link"
          at MongooseError.CastError (/home/ubuntu/workspace/project/server/node_modules/mongoose/lib/error/cast.js:29:11)
          at model.$set (/home/ubuntu/workspace/project/server/node_modules/mongoose/lib/document.js:879:7)
          at model._handleIndex (/home/ubuntu/workspace/project/server/node_modules/mongoose/lib/document.js:688:14)
          at model.$set (/home/ubuntu/workspace/project/server/node_modules/mongoose/lib/document.js:645:22)
          at model.Document (/home/ubuntu/workspace/project/server/node_modules/mongoose/lib/document.js:112:12)
          at model.Model (/home/ubuntu/workspace/project/server/node_modules/mongoose/lib/model.js:65:12)
          at new model (/home/ubuntu/workspace/project/server/node_modules/mongoose/lib/model.js:4298:13)
          at toExecute.push.error (/home/ubuntu/workspace/project/server/node_modules/mongoose/lib/model.js:2464:22)
          at /home/ubuntu/workspace/project/server/node_modules/async/internal/parallel.js:31:39
          at eachOfArrayLike (/home/ubuntu/workspace/project/server/node_modules/async/eachOf.js:65:9)
          at exports.default (/home/ubuntu/workspace/project/server/node_modules/async/eachOf.js:9:5)
          at _parallel (/home/ubuntu/workspace/project/server/node_modules/async/internal/parallel.js:30:5)
          at parallelLimit (/home/ubuntu/workspace/project/server/node_modules/async/parallel.js:88:26)
          at utils.promiseOrCallback.cb (/home/ubuntu/workspace/project/server/node_modules/mongoose/lib/model.js:2474:5)
          at Promise (/home/ubuntu/workspace/project/server/node_modules/mongoose/lib/utils.js:234:5)
          at Object.promiseOrCallback (/home/ubuntu/workspace/project/server/node_modules/mongoose/lib/utils.js:233:10)
        message: 'Cast to ObjectID failed for value "" at path "Link"',
        name: 'CastError',
        stringValue: '""',
        kind: 'ObjectID',
        value: '',
        path: 'Link',
        reason: [Object] } },
  _message: 'Menu validation failed',
  name: 'ValidationError' }
[2019-01-21T02:09:24.898] [ERROR] error - { ValidationError: Menu validation failed: Link: Cast to ObjectID failed for value "" at path "Link"
    at MongooseError.ValidationError (/home/ubuntu/workspace/project/server/node_modules/mongoose/lib/error/validation.js:27:11)
    at model.Document.invalidate (/home/ubuntu/workspace/project/server/node_modules/mongoose/lib/document.js:1880:32)
    at model.$set (/home/ubuntu/workspace/project/server/node_modules/mongoose/lib/document.js:878:10)
    at model._handleIndex (/home/ubuntu/workspace/project/server/node_modules/mongoose/lib/document.js:688:14)
    at model.$set (/home/ubuntu/workspace/project/server/node_modules/mongoose/lib/document.js:645:22)
    at model.Document (/home/ubuntu/workspace/project/server/node_modules/mongoose/lib/document.js:112:12)
    at model.Model (/home/ubuntu/workspace/project/server/node_modules/mongoose/lib/model.js:65:12)
    at new model (/home/ubuntu/workspace/project/server/node_modules/mongoose/lib/model.js:4298:13)
    at toExecute.push.error (/home/ubuntu/workspace/project/server/node_modules/mongoose/lib/model.js:2464:22)
    at /home/ubuntu/workspace/project/server/node_modules/async/internal/parallel.js:31:39
    at eachOfArrayLike (/home/ubuntu/workspace/project/server/node_modules/async/eachOf.js:65:9)
    at exports.default (/home/ubuntu/workspace/project/server/node_modules/async/eachOf.js:9:5)
    at _parallel (/home/ubuntu/workspace/project/server/node_modules/async/internal/parallel.js:30:5)
    at parallelLimit (/home/ubuntu/workspace/project/server/node_modules/async/parallel.js:88:26)
    at utils.promiseOrCallback.cb (/home/ubuntu/workspace/project/server/node_modules/mongoose/lib/model.js:2474:5)
    at Promise (/home/ubuntu/workspace/project/server/node_modules/mongoose/lib/utils.js:234:5)
  errors: 
   { Link: 
      { CastError: Cast to ObjectID failed for value "" at path "Link"
          at MongooseError.CastError (/home/ubuntu/workspace/project/server/node_modules/mongoose/lib/error/cast.js:29:11)
          at model.$set (/home/ubuntu/workspace/project/server/node_modules/mongoose/lib/document.js:879:7)
          at model._handleIndex (/home/ubuntu/workspace/project/server/node_modules/mongoose/lib/document.js:688:14)
          at model.$set (/home/ubuntu/workspace/project/server/node_modules/mongoose/lib/document.js:645:22)
          at model.Document (/home/ubuntu/workspace/project/server/node_modules/mongoose/lib/document.js:112:12)
          at model.Model (/home/ubuntu/workspace/project/server/node_modules/mongoose/lib/model.js:65:12)
          at new model (/home/ubuntu/workspace/project/server/node_modules/mongoose/lib/model.js:4298:13)
          at toExecute.push.error (/home/ubuntu/workspace/project/server/node_modules/mongoose/lib/model.js:2464:22)
          at /home/ubuntu/workspace/project/server/node_modules/async/internal/parallel.js:31:39
          at eachOfArrayLike (/home/ubuntu/workspace/project/server/node_modules/async/eachOf.js:65:9)
          at exports.default (/home/ubuntu/workspace/project/server/node_modules/async/eachOf.js:9:5)
          at _parallel (/home/ubuntu/workspace/project/server/node_modules/async/internal/parallel.js:30:5)
          at parallelLimit (/home/ubuntu/workspace/project/server/node_modules/async/parallel.js:88:26)
          at utils.promiseOrCallback.cb (/home/ubuntu/workspace/project/server/node_modules/mongoose/lib/model.js:2474:5)
          at Promise (/home/ubuntu/workspace/project/server/node_modules/mongoose/lib/utils.js:234:5)
          at Object.promiseOrCallback (/home/ubuntu/workspace/project/server/node_modules/mongoose/lib/utils.js:233:10)
        message: 'Cast to ObjectID failed for value "" at path "Link"',
        name: 'CastError',
        stringValue: '""',
        kind: 'ObjectID',
        value: '',
        path: 'Link',
        reason: [Object] } },
  _message: 'Menu validation failed',
  name: 'ValidationError' }
[2019-01-21T02:16:23.508] [ERROR] error - { CastError: Cast to ObjectId failed for value "" at path "Link"
    at MongooseError.CastError (/home/ubuntu/workspace/project/server/node_modules/mongoose/lib/error/cast.js:29:11)
    at ObjectId.cast (/home/ubuntu/workspace/project/server/node_modules/mongoose/lib/schema/objectid.js:155:13)
    at ObjectId.SchemaType.applySetters (/home/ubuntu/workspace/project/server/node_modules/mongoose/lib/schematype.js:724:12)
    at ObjectId.SchemaType._castForQuery (/home/ubuntu/workspace/project/server/node_modules/mongoose/lib/schematype.js:1113:15)
    at ObjectId.SchemaType.castForQuery (/home/ubuntu/workspace/project/server/node_modules/mongoose/lib/schematype.js:1103:15)
    at ObjectId.SchemaType.castForQueryWrapper (/home/ubuntu/workspace/project/server/node_modules/mongoose/lib/schematype.js:1082:15)
    at castUpdateVal (/home/ubuntu/workspace/project/server/node_modules/mongoose/lib/helpers/query/castUpdate.js:382:19)
    at walkUpdatePath (/home/ubuntu/workspace/project/server/node_modules/mongoose/lib/helpers/query/castUpdate.js:252:22)
    at castUpdate (/home/ubuntu/workspace/project/server/node_modules/mongoose/lib/helpers/query/castUpdate.js:77:18)
    at Query._castUpdate (/home/ubuntu/workspace/project/server/node_modules/mongoose/lib/query.js:3616:10)
    at castDoc (/home/ubuntu/workspace/project/server/node_modules/mongoose/lib/query.js:3643:18)
    at Query._findAndModify (/home/ubuntu/workspace/project/server/node_modules/mongoose/lib/query.js:2869:19)
    at Query._findOneAndUpdate (/home/ubuntu/workspace/project/server/node_modules/mongoose/lib/query.js:2578:8)
    at process.nextTick (/home/ubuntu/workspace/project/server/node_modules/kareem/index.js:333:33)
    at _combinedTickCallback (internal/process/next_tick.js:73:7)
    at process._tickCallback (internal/process/next_tick.js:104:9)
  message: 'Cast to ObjectId failed for value "" at path "Link"',
  name: 'CastError',
  stringValue: '""',
  kind: 'ObjectId',
  value: '',
  path: 'Link',
  reason: undefined }
[2019-01-21T02:19:21.357] [ERROR] error - { ValidationError: Validation failed: Title: Path `Title` is required.
    at MongooseError.ValidationError (/home/ubuntu/workspace/project/server/node_modules/mongoose/lib/error/validation.js:27:11)
    at /home/ubuntu/workspace/project/server/node_modules/mongoose/lib/helpers/updateValidators.js:178:19
    at /home/ubuntu/workspace/project/server/node_modules/async/internal/parallel.js:39:9
    at /home/ubuntu/workspace/project/server/node_modules/async/internal/once.js:12:16
    at iteratorCallback (/home/ubuntu/workspace/project/server/node_modules/async/eachOf.js:60:13)
    at /home/ubuntu/workspace/project/server/node_modules/async/internal/onlyOnce.js:12:16
    at /home/ubuntu/workspace/project/server/node_modules/async/internal/parallel.js:36:13
    at schemaPath.doValidate.updateValidator (/home/ubuntu/workspace/project/server/node_modules/mongoose/lib/helpers/updateValidators.js:122:15)
    at /home/ubuntu/workspace/project/server/node_modules/mongoose/lib/schematype.js:808:9
    at _combinedTickCallback (internal/process/next_tick.js:73:7)
    at process._tickCallback (internal/process/next_tick.js:104:9)
  errors: 
   { Title: 
      { ValidatorError: Path `Title` is required.
          at MongooseError.ValidatorError (/home/ubuntu/workspace/project/server/node_modules/mongoose/lib/error/validator.js:27:11)
          at validate (/home/ubuntu/workspace/project/server/node_modules/mongoose/lib/schematype.js:805:13)
          at /home/ubuntu/workspace/project/server/node_modules/mongoose/lib/schematype.js:854:11
          at Array.forEach (native)
          at SchemaString.SchemaType.doValidate (/home/ubuntu/workspace/project/server/node_modules/mongoose/lib/schematype.js:814:19)
          at /home/ubuntu/workspace/project/server/node_modules/mongoose/lib/helpers/updateValidators.js:115:22
          at /home/ubuntu/workspace/project/server/node_modules/async/internal/parallel.js:31:39
          at eachOfArrayLike (/home/ubuntu/workspace/project/server/node_modules/async/eachOf.js:65:9)
          at exports.default (/home/ubuntu/workspace/project/server/node_modules/async/eachOf.js:9:5)
          at _parallel (/home/ubuntu/workspace/project/server/node_modules/async/internal/parallel.js:30:5)
          at parallelLimit (/home/ubuntu/workspace/project/server/node_modules/async/parallel.js:88:26)
          at /home/ubuntu/workspace/project/server/node_modules/mongoose/lib/helpers/updateValidators.js:176:5
          at Query._findAndModify (/home/ubuntu/workspace/project/server/node_modules/mongoose/lib/query.js:2993:7)
          at Query._findOneAndUpdate (/home/ubuntu/workspace/project/server/node_modules/mongoose/lib/query.js:2578:8)
          at process.nextTick (/home/ubuntu/workspace/project/server/node_modules/kareem/index.js:333:33)
          at _combinedTickCallback (internal/process/next_tick.js:73:7)
          at process._tickCallback (internal/process/next_tick.js:104:9)
        message: 'Path `Title` is required.',
        name: 'ValidatorError',
        properties: [Object],
        kind: 'required',
        path: 'Title',
        value: null,
        reason: undefined,
        '$isValidatorError': true } },
  _message: 'Validation failed',
  name: 'ValidationError' }
[2019-01-21T02:19:57.585] [ERROR] error - { CastError: Cast to ObjectId failed for value "" at path "Link"
    at MongooseError.CastError (/home/ubuntu/workspace/project/server/node_modules/mongoose/lib/error/cast.js:29:11)
    at ObjectId.cast (/home/ubuntu/workspace/project/server/node_modules/mongoose/lib/schema/objectid.js:155:13)
    at ObjectId.SchemaType.applySetters (/home/ubuntu/workspace/project/server/node_modules/mongoose/lib/schematype.js:724:12)
    at ObjectId.SchemaType._castForQuery (/home/ubuntu/workspace/project/server/node_modules/mongoose/lib/schematype.js:1113:15)
    at ObjectId.SchemaType.castForQuery (/home/ubuntu/workspace/project/server/node_modules/mongoose/lib/schematype.js:1103:15)
    at ObjectId.SchemaType.castForQueryWrapper (/home/ubuntu/workspace/project/server/node_modules/mongoose/lib/schematype.js:1082:15)
    at castUpdateVal (/home/ubuntu/workspace/project/server/node_modules/mongoose/lib/helpers/query/castUpdate.js:382:19)
    at walkUpdatePath (/home/ubuntu/workspace/project/server/node_modules/mongoose/lib/helpers/query/castUpdate.js:252:22)
    at castUpdate (/home/ubuntu/workspace/project/server/node_modules/mongoose/lib/helpers/query/castUpdate.js:77:18)
    at Query._castUpdate (/home/ubuntu/workspace/project/server/node_modules/mongoose/lib/query.js:3616:10)
    at castDoc (/home/ubuntu/workspace/project/server/node_modules/mongoose/lib/query.js:3643:18)
    at Query._findAndModify (/home/ubuntu/workspace/project/server/node_modules/mongoose/lib/query.js:2869:19)
    at Query._findOneAndUpdate (/home/ubuntu/workspace/project/server/node_modules/mongoose/lib/query.js:2578:8)
    at process.nextTick (/home/ubuntu/workspace/project/server/node_modules/kareem/index.js:333:33)
    at _combinedTickCallback (internal/process/next_tick.js:73:7)
    at process._tickCallback (internal/process/next_tick.js:104:9)
  message: 'Cast to ObjectId failed for value "" at path "Link"',
  name: 'CastError',
  stringValue: '""',
  kind: 'ObjectId',
  value: '',
  path: 'Link',
  reason: undefined }
[2019-01-21T02:20:32.003] [ERROR] error - { CastError: Cast to ObjectId failed for value "" at path "Link"
    at MongooseError.CastError (/home/ubuntu/workspace/project/server/node_modules/mongoose/lib/error/cast.js:29:11)
    at ObjectId.cast (/home/ubuntu/workspace/project/server/node_modules/mongoose/lib/schema/objectid.js:155:13)
    at ObjectId.SchemaType.applySetters (/home/ubuntu/workspace/project/server/node_modules/mongoose/lib/schematype.js:724:12)
    at ObjectId.SchemaType._castForQuery (/home/ubuntu/workspace/project/server/node_modules/mongoose/lib/schematype.js:1113:15)
    at ObjectId.SchemaType.castForQuery (/home/ubuntu/workspace/project/server/node_modules/mongoose/lib/schematype.js:1103:15)
    at ObjectId.SchemaType.castForQueryWrapper (/home/ubuntu/workspace/project/server/node_modules/mongoose/lib/schematype.js:1082:15)
    at castUpdateVal (/home/ubuntu/workspace/project/server/node_modules/mongoose/lib/helpers/query/castUpdate.js:382:19)
    at walkUpdatePath (/home/ubuntu/workspace/project/server/node_modules/mongoose/lib/helpers/query/castUpdate.js:252:22)
    at castUpdate (/home/ubuntu/workspace/project/server/node_modules/mongoose/lib/helpers/query/castUpdate.js:77:18)
    at Query._castUpdate (/home/ubuntu/workspace/project/server/node_modules/mongoose/lib/query.js:3616:10)
    at castDoc (/home/ubuntu/workspace/project/server/node_modules/mongoose/lib/query.js:3643:18)
    at Query._findAndModify (/home/ubuntu/workspace/project/server/node_modules/mongoose/lib/query.js:2869:19)
    at Query._findOneAndUpdate (/home/ubuntu/workspace/project/server/node_modules/mongoose/lib/query.js:2578:8)
    at process.nextTick (/home/ubuntu/workspace/project/server/node_modules/kareem/index.js:333:33)
    at _combinedTickCallback (internal/process/next_tick.js:73:7)
    at process._tickCallback (internal/process/next_tick.js:104:9)
  message: 'Cast to ObjectId failed for value "" at path "Link"',
  name: 'CastError',
  stringValue: '""',
  kind: 'ObjectId',
  value: '',
  path: 'Link',
  reason: undefined }
[2019-01-21T02:21:00.313] [ERROR] error - { CastError: Cast to ObjectId failed for value "" at path "Link"
    at MongooseError.CastError (/home/ubuntu/workspace/project/server/node_modules/mongoose/lib/error/cast.js:29:11)
    at ObjectId.cast (/home/ubuntu/workspace/project/server/node_modules/mongoose/lib/schema/objectid.js:155:13)
    at ObjectId.SchemaType.applySetters (/home/ubuntu/workspace/project/server/node_modules/mongoose/lib/schematype.js:724:12)
    at ObjectId.SchemaType._castForQuery (/home/ubuntu/workspace/project/server/node_modules/mongoose/lib/schematype.js:1113:15)
    at ObjectId.SchemaType.castForQuery (/home/ubuntu/workspace/project/server/node_modules/mongoose/lib/schematype.js:1103:15)
    at ObjectId.SchemaType.castForQueryWrapper (/home/ubuntu/workspace/project/server/node_modules/mongoose/lib/schematype.js:1082:15)
    at castUpdateVal (/home/ubuntu/workspace/project/server/node_modules/mongoose/lib/helpers/query/castUpdate.js:382:19)
    at walkUpdatePath (/home/ubuntu/workspace/project/server/node_modules/mongoose/lib/helpers/query/castUpdate.js:252:22)
    at castUpdate (/home/ubuntu/workspace/project/server/node_modules/mongoose/lib/helpers/query/castUpdate.js:77:18)
    at Query._castUpdate (/home/ubuntu/workspace/project/server/node_modules/mongoose/lib/query.js:3616:10)
    at castDoc (/home/ubuntu/workspace/project/server/node_modules/mongoose/lib/query.js:3643:18)
    at Query._findAndModify (/home/ubuntu/workspace/project/server/node_modules/mongoose/lib/query.js:2869:19)
    at Query._findOneAndUpdate (/home/ubuntu/workspace/project/server/node_modules/mongoose/lib/query.js:2578:8)
    at process.nextTick (/home/ubuntu/workspace/project/server/node_modules/kareem/index.js:333:33)
    at _combinedTickCallback (internal/process/next_tick.js:73:7)
    at process._tickCallback (internal/process/next_tick.js:104:9)
  message: 'Cast to ObjectId failed for value "" at path "Link"',
  name: 'CastError',
  stringValue: '""',
  kind: 'ObjectId',
  value: '',
  path: 'Link',
  reason: undefined }
[2019-01-21T02:22:05.456] [ERROR] error - { CastError: Cast to ObjectId failed for value "" at path "Link"
    at MongooseError.CastError (/home/ubuntu/workspace/project/server/node_modules/mongoose/lib/error/cast.js:29:11)
    at ObjectId.cast (/home/ubuntu/workspace/project/server/node_modules/mongoose/lib/schema/objectid.js:155:13)
    at ObjectId.SchemaType.applySetters (/home/ubuntu/workspace/project/server/node_modules/mongoose/lib/schematype.js:724:12)
    at ObjectId.SchemaType._castForQuery (/home/ubuntu/workspace/project/server/node_modules/mongoose/lib/schematype.js:1113:15)
    at ObjectId.SchemaType.castForQuery (/home/ubuntu/workspace/project/server/node_modules/mongoose/lib/schematype.js:1103:15)
    at ObjectId.SchemaType.castForQueryWrapper (/home/ubuntu/workspace/project/server/node_modules/mongoose/lib/schematype.js:1082:15)
    at castUpdateVal (/home/ubuntu/workspace/project/server/node_modules/mongoose/lib/helpers/query/castUpdate.js:382:19)
    at walkUpdatePath (/home/ubuntu/workspace/project/server/node_modules/mongoose/lib/helpers/query/castUpdate.js:252:22)
    at castUpdate (/home/ubuntu/workspace/project/server/node_modules/mongoose/lib/helpers/query/castUpdate.js:77:18)
    at Query._castUpdate (/home/ubuntu/workspace/project/server/node_modules/mongoose/lib/query.js:3616:10)
    at castDoc (/home/ubuntu/workspace/project/server/node_modules/mongoose/lib/query.js:3643:18)
    at Query._findAndModify (/home/ubuntu/workspace/project/server/node_modules/mongoose/lib/query.js:2869:19)
    at Query._findOneAndUpdate (/home/ubuntu/workspace/project/server/node_modules/mongoose/lib/query.js:2578:8)
    at process.nextTick (/home/ubuntu/workspace/project/server/node_modules/kareem/index.js:333:33)
    at _combinedTickCallback (internal/process/next_tick.js:73:7)
    at process._tickCallback (internal/process/next_tick.js:104:9)
  message: 'Cast to ObjectId failed for value "" at path "Link"',
  name: 'CastError',
  stringValue: '""',
  kind: 'ObjectId',
  value: '',
  path: 'Link',
  reason: undefined }
[2019-01-21T02:24:13.104] [ERROR] error - TypeError: Cannot read property 'toString' of null
    at Query.exec.then (/home/ubuntu/workspace/project/server/api/MenuAPI.js:50:71)
    at process._tickCallback (internal/process/next_tick.js:109:7)
[2019-01-21T02:24:20.914] [ERROR] error - TypeError: Cannot read property 'toString' of null
    at Query.exec.then (/home/ubuntu/workspace/project/server/api/MenuAPI.js:50:36)
    at process._tickCallback (internal/process/next_tick.js:109:7)
[2019-01-21T02:31:54.584] [ERROR] error - { ValidationError: Menu validation failed: ParentMenu: Cast to ObjectID failed for value "" at path "ParentMenu"
    at MongooseError.ValidationError (/home/ubuntu/workspace/project/server/node_modules/mongoose/lib/error/validation.js:27:11)
    at model.Document.invalidate (/home/ubuntu/workspace/project/server/node_modules/mongoose/lib/document.js:1880:32)
    at model.$set (/home/ubuntu/workspace/project/server/node_modules/mongoose/lib/document.js:878:10)
    at model._handleIndex (/home/ubuntu/workspace/project/server/node_modules/mongoose/lib/document.js:688:14)
    at model.$set (/home/ubuntu/workspace/project/server/node_modules/mongoose/lib/document.js:645:22)
    at model.Document (/home/ubuntu/workspace/project/server/node_modules/mongoose/lib/document.js:112:12)
    at model.Model (/home/ubuntu/workspace/project/server/node_modules/mongoose/lib/model.js:65:12)
    at new model (/home/ubuntu/workspace/project/server/node_modules/mongoose/lib/model.js:4298:13)
    at toExecute.push.error (/home/ubuntu/workspace/project/server/node_modules/mongoose/lib/model.js:2464:22)
    at /home/ubuntu/workspace/project/server/node_modules/async/internal/parallel.js:31:39
    at eachOfArrayLike (/home/ubuntu/workspace/project/server/node_modules/async/eachOf.js:65:9)
    at exports.default (/home/ubuntu/workspace/project/server/node_modules/async/eachOf.js:9:5)
    at _parallel (/home/ubuntu/workspace/project/server/node_modules/async/internal/parallel.js:30:5)
    at parallelLimit (/home/ubuntu/workspace/project/server/node_modules/async/parallel.js:88:26)
    at utils.promiseOrCallback.cb (/home/ubuntu/workspace/project/server/node_modules/mongoose/lib/model.js:2474:5)
    at Promise (/home/ubuntu/workspace/project/server/node_modules/mongoose/lib/utils.js:234:5)
  errors: 
   { ParentMenu: 
      { CastError: Cast to ObjectID failed for value "" at path "ParentMenu"
          at MongooseError.CastError (/home/ubuntu/workspace/project/server/node_modules/mongoose/lib/error/cast.js:29:11)
          at model.$set (/home/ubuntu/workspace/project/server/node_modules/mongoose/lib/document.js:879:7)
          at model._handleIndex (/home/ubuntu/workspace/project/server/node_modules/mongoose/lib/document.js:688:14)
          at model.$set (/home/ubuntu/workspace/project/server/node_modules/mongoose/lib/document.js:645:22)
          at model.Document (/home/ubuntu/workspace/project/server/node_modules/mongoose/lib/document.js:112:12)
          at model.Model (/home/ubuntu/workspace/project/server/node_modules/mongoose/lib/model.js:65:12)
          at new model (/home/ubuntu/workspace/project/server/node_modules/mongoose/lib/model.js:4298:13)
          at toExecute.push.error (/home/ubuntu/workspace/project/server/node_modules/mongoose/lib/model.js:2464:22)
          at /home/ubuntu/workspace/project/server/node_modules/async/internal/parallel.js:31:39
          at eachOfArrayLike (/home/ubuntu/workspace/project/server/node_modules/async/eachOf.js:65:9)
          at exports.default (/home/ubuntu/workspace/project/server/node_modules/async/eachOf.js:9:5)
          at _parallel (/home/ubuntu/workspace/project/server/node_modules/async/internal/parallel.js:30:5)
          at parallelLimit (/home/ubuntu/workspace/project/server/node_modules/async/parallel.js:88:26)
          at utils.promiseOrCallback.cb (/home/ubuntu/workspace/project/server/node_modules/mongoose/lib/model.js:2474:5)
          at Promise (/home/ubuntu/workspace/project/server/node_modules/mongoose/lib/utils.js:234:5)
          at Object.promiseOrCallback (/home/ubuntu/workspace/project/server/node_modules/mongoose/lib/utils.js:233:10)
        message: 'Cast to ObjectID failed for value "" at path "ParentMenu"',
        name: 'CastError',
        stringValue: '""',
        kind: 'ObjectID',
        value: '',
        path: 'ParentMenu',
        reason: [Object] } },
  _message: 'Menu validation failed',
  name: 'ValidationError' }
[2019-01-21T02:43:28.754] [ERROR] error - { ValidationError: Menu validation failed: Link: Cast to ObjectID failed for value "" at path "Link", Title: Path `Title` (`Test`) is shorter than the minimum allowed length (5).
    at MongooseError.ValidationError (/home/ubuntu/workspace/project/server/node_modules/mongoose/lib/error/validation.js:27:11)
    at model.Document.invalidate (/home/ubuntu/workspace/project/server/node_modules/mongoose/lib/document.js:1880:32)
    at model.$set (/home/ubuntu/workspace/project/server/node_modules/mongoose/lib/document.js:878:10)
    at model._handleIndex (/home/ubuntu/workspace/project/server/node_modules/mongoose/lib/document.js:688:14)
    at model.$set (/home/ubuntu/workspace/project/server/node_modules/mongoose/lib/document.js:645:22)
    at model.Document (/home/ubuntu/workspace/project/server/node_modules/mongoose/lib/document.js:112:12)
    at model.Model (/home/ubuntu/workspace/project/server/node_modules/mongoose/lib/model.js:65:12)
    at new model (/home/ubuntu/workspace/project/server/node_modules/mongoose/lib/model.js:4298:13)
    at toExecute.push.error (/home/ubuntu/workspace/project/server/node_modules/mongoose/lib/model.js:2464:22)
    at /home/ubuntu/workspace/project/server/node_modules/async/internal/parallel.js:31:39
    at eachOfArrayLike (/home/ubuntu/workspace/project/server/node_modules/async/eachOf.js:65:9)
    at exports.default (/home/ubuntu/workspace/project/server/node_modules/async/eachOf.js:9:5)
    at _parallel (/home/ubuntu/workspace/project/server/node_modules/async/internal/parallel.js:30:5)
    at parallelLimit (/home/ubuntu/workspace/project/server/node_modules/async/parallel.js:88:26)
    at utils.promiseOrCallback.cb (/home/ubuntu/workspace/project/server/node_modules/mongoose/lib/model.js:2474:5)
    at Promise (/home/ubuntu/workspace/project/server/node_modules/mongoose/lib/utils.js:234:5)
  errors: 
   { Link: 
      { CastError: Cast to ObjectID failed for value "" at path "Link"
          at MongooseError.CastError (/home/ubuntu/workspace/project/server/node_modules/mongoose/lib/error/cast.js:29:11)
          at model.$set (/home/ubuntu/workspace/project/server/node_modules/mongoose/lib/document.js:879:7)
          at model._handleIndex (/home/ubuntu/workspace/project/server/node_modules/mongoose/lib/document.js:688:14)
          at model.$set (/home/ubuntu/workspace/project/server/node_modules/mongoose/lib/document.js:645:22)
          at model.Document (/home/ubuntu/workspace/project/server/node_modules/mongoose/lib/document.js:112:12)
          at model.Model (/home/ubuntu/workspace/project/server/node_modules/mongoose/lib/model.js:65:12)
          at new model (/home/ubuntu/workspace/project/server/node_modules/mongoose/lib/model.js:4298:13)
          at toExecute.push.error (/home/ubuntu/workspace/project/server/node_modules/mongoose/lib/model.js:2464:22)
          at /home/ubuntu/workspace/project/server/node_modules/async/internal/parallel.js:31:39
          at eachOfArrayLike (/home/ubuntu/workspace/project/server/node_modules/async/eachOf.js:65:9)
          at exports.default (/home/ubuntu/workspace/project/server/node_modules/async/eachOf.js:9:5)
          at _parallel (/home/ubuntu/workspace/project/server/node_modules/async/internal/parallel.js:30:5)
          at parallelLimit (/home/ubuntu/workspace/project/server/node_modules/async/parallel.js:88:26)
          at utils.promiseOrCallback.cb (/home/ubuntu/workspace/project/server/node_modules/mongoose/lib/model.js:2474:5)
          at Promise (/home/ubuntu/workspace/project/server/node_modules/mongoose/lib/utils.js:234:5)
          at Object.promiseOrCallback (/home/ubuntu/workspace/project/server/node_modules/mongoose/lib/utils.js:233:10)
        message: 'Cast to ObjectID failed for value "" at path "Link"',
        name: 'CastError',
        stringValue: '""',
        kind: 'ObjectID',
        value: '',
        path: 'Link',
        reason: [Object] },
     Title: 
      { ValidatorError: Path `Title` (`Test`) is shorter than the minimum allowed length (5).
          at MongooseError.ValidatorError (/home/ubuntu/workspace/project/server/node_modules/mongoose/lib/error/validator.js:27:11)
          at validate (/home/ubuntu/workspace/project/server/node_modules/mongoose/lib/schematype.js:805:13)
          at /home/ubuntu/workspace/project/server/node_modules/mongoose/lib/schematype.js:854:11
          at Array.forEach (native)
          at SchemaString.SchemaType.doValidate (/home/ubuntu/workspace/project/server/node_modules/mongoose/lib/schematype.js:814:19)
          at /home/ubuntu/workspace/project/server/node_modules/mongoose/lib/document.js:1746:9
          at _combinedTickCallback (internal/process/next_tick.js:73:7)
          at process._tickCallback (internal/process/next_tick.js:104:9)
        message: 'Path `Title` (`Test`) is shorter than the minimum allowed length (5).',
        name: 'ValidatorError',
        properties: [Object],
        kind: 'minlength',
        path: 'Title',
        value: 'Test',
        reason: undefined,
        '$isValidatorError': true } },
  _message: 'Menu validation failed',
  name: 'ValidationError' }
[2019-01-21T02:43:40.351] [ERROR] error - { ValidationError: Menu validation failed: Link: Cast to ObjectID failed for value "" at path "Link"
    at MongooseError.ValidationError (/home/ubuntu/workspace/project/server/node_modules/mongoose/lib/error/validation.js:27:11)
    at model.Document.invalidate (/home/ubuntu/workspace/project/server/node_modules/mongoose/lib/document.js:1880:32)
    at model.$set (/home/ubuntu/workspace/project/server/node_modules/mongoose/lib/document.js:878:10)
    at model._handleIndex (/home/ubuntu/workspace/project/server/node_modules/mongoose/lib/document.js:688:14)
    at model.$set (/home/ubuntu/workspace/project/server/node_modules/mongoose/lib/document.js:645:22)
    at model.Document (/home/ubuntu/workspace/project/server/node_modules/mongoose/lib/document.js:112:12)
    at model.Model (/home/ubuntu/workspace/project/server/node_modules/mongoose/lib/model.js:65:12)
    at new model (/home/ubuntu/workspace/project/server/node_modules/mongoose/lib/model.js:4298:13)
    at toExecute.push.error (/home/ubuntu/workspace/project/server/node_modules/mongoose/lib/model.js:2464:22)
    at /home/ubuntu/workspace/project/server/node_modules/async/internal/parallel.js:31:39
    at eachOfArrayLike (/home/ubuntu/workspace/project/server/node_modules/async/eachOf.js:65:9)
    at exports.default (/home/ubuntu/workspace/project/server/node_modules/async/eachOf.js:9:5)
    at _parallel (/home/ubuntu/workspace/project/server/node_modules/async/internal/parallel.js:30:5)
    at parallelLimit (/home/ubuntu/workspace/project/server/node_modules/async/parallel.js:88:26)
    at utils.promiseOrCallback.cb (/home/ubuntu/workspace/project/server/node_modules/mongoose/lib/model.js:2474:5)
    at Promise (/home/ubuntu/workspace/project/server/node_modules/mongoose/lib/utils.js:234:5)
  errors: 
   { Link: 
      { CastError: Cast to ObjectID failed for value "" at path "Link"
          at MongooseError.CastError (/home/ubuntu/workspace/project/server/node_modules/mongoose/lib/error/cast.js:29:11)
          at model.$set (/home/ubuntu/workspace/project/server/node_modules/mongoose/lib/document.js:879:7)
          at model._handleIndex (/home/ubuntu/workspace/project/server/node_modules/mongoose/lib/document.js:688:14)
          at model.$set (/home/ubuntu/workspace/project/server/node_modules/mongoose/lib/document.js:645:22)
          at model.Document (/home/ubuntu/workspace/project/server/node_modules/mongoose/lib/document.js:112:12)
          at model.Model (/home/ubuntu/workspace/project/server/node_modules/mongoose/lib/model.js:65:12)
          at new model (/home/ubuntu/workspace/project/server/node_modules/mongoose/lib/model.js:4298:13)
          at toExecute.push.error (/home/ubuntu/workspace/project/server/node_modules/mongoose/lib/model.js:2464:22)
          at /home/ubuntu/workspace/project/server/node_modules/async/internal/parallel.js:31:39
          at eachOfArrayLike (/home/ubuntu/workspace/project/server/node_modules/async/eachOf.js:65:9)
          at exports.default (/home/ubuntu/workspace/project/server/node_modules/async/eachOf.js:9:5)
          at _parallel (/home/ubuntu/workspace/project/server/node_modules/async/internal/parallel.js:30:5)
          at parallelLimit (/home/ubuntu/workspace/project/server/node_modules/async/parallel.js:88:26)
          at utils.promiseOrCallback.cb (/home/ubuntu/workspace/project/server/node_modules/mongoose/lib/model.js:2474:5)
          at Promise (/home/ubuntu/workspace/project/server/node_modules/mongoose/lib/utils.js:234:5)
          at Object.promiseOrCallback (/home/ubuntu/workspace/project/server/node_modules/mongoose/lib/utils.js:233:10)
        message: 'Cast to ObjectID failed for value "" at path "Link"',
        name: 'CastError',
        stringValue: '""',
        kind: 'ObjectID',
        value: '',
        path: 'Link',
        reason: [Object] } },
  _message: 'Menu validation failed',
  name: 'ValidationError' }
[2019-01-21T02:48:53.579] [ERROR] error - { ValidationError: Validation failed: ParentMenu: The value exceeds the number of images allowed
    at MongooseError.ValidationError (/home/ubuntu/workspace/project/server/node_modules/mongoose/lib/error/validation.js:27:11)
    at /home/ubuntu/workspace/project/server/node_modules/mongoose/lib/helpers/updateValidators.js:178:19
    at /home/ubuntu/workspace/project/server/node_modules/async/internal/parallel.js:39:9
    at /home/ubuntu/workspace/project/server/node_modules/async/internal/once.js:12:16
    at iteratorCallback (/home/ubuntu/workspace/project/server/node_modules/async/eachOf.js:60:13)
    at /home/ubuntu/workspace/project/server/node_modules/async/internal/onlyOnce.js:12:16
    at /home/ubuntu/workspace/project/server/node_modules/async/internal/parallel.js:36:13
    at schemaPath.doValidate.updateValidator (/home/ubuntu/workspace/project/server/node_modules/mongoose/lib/helpers/updateValidators.js:122:15)
    at /home/ubuntu/workspace/project/server/node_modules/mongoose/lib/schematype.js:800:11
    at _combinedTickCallback (internal/process/next_tick.js:73:7)
    at process._tickCallback (internal/process/next_tick.js:104:9)
  errors: 
   { ParentMenu: 
      { ValidatorError: The value exceeds the number of images allowed
          at MongooseError.ValidatorError (/home/ubuntu/workspace/project/server/node_modules/mongoose/lib/error/validator.js:27:11)
          at validate (/home/ubuntu/workspace/project/server/node_modules/mongoose/lib/schematype.js:805:13)
          at /home/ubuntu/workspace/project/server/node_modules/mongoose/lib/schematype.js:854:11
          at Array.forEach (native)
          at ObjectId.SchemaType.doValidate (/home/ubuntu/workspace/project/server/node_modules/mongoose/lib/schematype.js:814:19)
          at /home/ubuntu/workspace/project/server/node_modules/mongoose/lib/helpers/updateValidators.js:115:22
          at /home/ubuntu/workspace/project/server/node_modules/async/internal/parallel.js:31:39
          at eachOfArrayLike (/home/ubuntu/workspace/project/server/node_modules/async/eachOf.js:65:9)
          at exports.default (/home/ubuntu/workspace/project/server/node_modules/async/eachOf.js:9:5)
          at _parallel (/home/ubuntu/workspace/project/server/node_modules/async/internal/parallel.js:30:5)
          at parallelLimit (/home/ubuntu/workspace/project/server/node_modules/async/parallel.js:88:26)
          at /home/ubuntu/workspace/project/server/node_modules/mongoose/lib/helpers/updateValidators.js:176:5
          at Query._findAndModify (/home/ubuntu/workspace/project/server/node_modules/mongoose/lib/query.js:2993:7)
          at Query._findOneAndUpdate (/home/ubuntu/workspace/project/server/node_modules/mongoose/lib/query.js:2578:8)
          at process.nextTick (/home/ubuntu/workspace/project/server/node_modules/kareem/index.js:333:33)
          at _combinedTickCallback (internal/process/next_tick.js:73:7)
        message: 'The value exceeds the number of images allowed',
        name: 'ValidatorError',
        properties: [Object],
        kind: 'user defined',
        path: 'ParentMenu',
        value: null,
        reason: undefined,
        '$isValidatorError': true } },
  _message: 'Validation failed',
  name: 'ValidationError' }
[2019-01-21T02:49:09.112] [ERROR] error - { ValidationError: Validation failed: ParentMenu: The value exceeds the number of images allowed
    at MongooseError.ValidationError (/home/ubuntu/workspace/project/server/node_modules/mongoose/lib/error/validation.js:27:11)
    at /home/ubuntu/workspace/project/server/node_modules/mongoose/lib/helpers/updateValidators.js:178:19
    at /home/ubuntu/workspace/project/server/node_modules/async/internal/parallel.js:39:9
    at /home/ubuntu/workspace/project/server/node_modules/async/internal/once.js:12:16
    at iteratorCallback (/home/ubuntu/workspace/project/server/node_modules/async/eachOf.js:60:13)
    at /home/ubuntu/workspace/project/server/node_modules/async/internal/onlyOnce.js:12:16
    at /home/ubuntu/workspace/project/server/node_modules/async/internal/parallel.js:36:13
    at schemaPath.doValidate.updateValidator (/home/ubuntu/workspace/project/server/node_modules/mongoose/lib/helpers/updateValidators.js:122:15)
    at /home/ubuntu/workspace/project/server/node_modules/mongoose/lib/schematype.js:800:11
    at _combinedTickCallback (internal/process/next_tick.js:73:7)
    at process._tickCallback (internal/process/next_tick.js:104:9)
  errors: 
   { ParentMenu: 
      { ValidatorError: The value exceeds the number of images allowed
          at MongooseError.ValidatorError (/home/ubuntu/workspace/project/server/node_modules/mongoose/lib/error/validator.js:27:11)
          at validate (/home/ubuntu/workspace/project/server/node_modules/mongoose/lib/schematype.js:805:13)
          at /home/ubuntu/workspace/project/server/node_modules/mongoose/lib/schematype.js:854:11
          at Array.forEach (native)
          at ObjectId.SchemaType.doValidate (/home/ubuntu/workspace/project/server/node_modules/mongoose/lib/schematype.js:814:19)
          at /home/ubuntu/workspace/project/server/node_modules/mongoose/lib/helpers/updateValidators.js:115:22
          at /home/ubuntu/workspace/project/server/node_modules/async/internal/parallel.js:31:39
          at eachOfArrayLike (/home/ubuntu/workspace/project/server/node_modules/async/eachOf.js:65:9)
          at exports.default (/home/ubuntu/workspace/project/server/node_modules/async/eachOf.js:9:5)
          at _parallel (/home/ubuntu/workspace/project/server/node_modules/async/internal/parallel.js:30:5)
          at parallelLimit (/home/ubuntu/workspace/project/server/node_modules/async/parallel.js:88:26)
          at /home/ubuntu/workspace/project/server/node_modules/mongoose/lib/helpers/updateValidators.js:176:5
          at Query._findAndModify (/home/ubuntu/workspace/project/server/node_modules/mongoose/lib/query.js:2993:7)
          at Query._findOneAndUpdate (/home/ubuntu/workspace/project/server/node_modules/mongoose/lib/query.js:2578:8)
          at process.nextTick (/home/ubuntu/workspace/project/server/node_modules/kareem/index.js:333:33)
          at _combinedTickCallback (internal/process/next_tick.js:73:7)
        message: 'The value exceeds the number of images allowed',
        name: 'ValidatorError',
        properties: [Object],
        kind: 'user defined',
        path: 'ParentMenu',
        value: null,
        reason: undefined,
        '$isValidatorError': true } },
  _message: 'Validation failed',
  name: 'ValidationError' }
[2019-01-21T02:50:01.852] [ERROR] error - { ValidationError: Validation failed: ParentMenu: Validator failed for path `ParentMenu` with value `null`
    at MongooseError.ValidationError (/home/ubuntu/workspace/project/server/node_modules/mongoose/lib/error/validation.js:27:11)
    at /home/ubuntu/workspace/project/server/node_modules/mongoose/lib/helpers/updateValidators.js:178:19
    at /home/ubuntu/workspace/project/server/node_modules/async/internal/parallel.js:39:9
    at /home/ubuntu/workspace/project/server/node_modules/async/internal/once.js:12:16
    at iteratorCallback (/home/ubuntu/workspace/project/server/node_modules/async/eachOf.js:60:13)
    at /home/ubuntu/workspace/project/server/node_modules/async/internal/onlyOnce.js:12:16
    at /home/ubuntu/workspace/project/server/node_modules/async/internal/parallel.js:36:13
    at schemaPath.doValidate.updateValidator (/home/ubuntu/workspace/project/server/node_modules/mongoose/lib/helpers/updateValidators.js:122:15)
    at /home/ubuntu/workspace/project/server/node_modules/mongoose/lib/schematype.js:800:11
    at _combinedTickCallback (internal/process/next_tick.js:73:7)
    at process._tickCallback (internal/process/next_tick.js:104:9)
  errors: 
   { ParentMenu: 
      { ValidatorError: Validator failed for path `ParentMenu` with value `null`
          at MongooseError.ValidatorError (/home/ubuntu/workspace/project/server/node_modules/mongoose/lib/error/validator.js:27:11)
          at validate (/home/ubuntu/workspace/project/server/node_modules/mongoose/lib/schematype.js:805:13)
          at /home/ubuntu/workspace/project/server/node_modules/mongoose/lib/schematype.js:854:11
          at Array.forEach (native)
          at ObjectId.SchemaType.doValidate (/home/ubuntu/workspace/project/server/node_modules/mongoose/lib/schematype.js:814:19)
          at /home/ubuntu/workspace/project/server/node_modules/mongoose/lib/helpers/updateValidators.js:115:22
          at /home/ubuntu/workspace/project/server/node_modules/async/internal/parallel.js:31:39
          at eachOfArrayLike (/home/ubuntu/workspace/project/server/node_modules/async/eachOf.js:65:9)
          at exports.default (/home/ubuntu/workspace/project/server/node_modules/async/eachOf.js:9:5)
          at _parallel (/home/ubuntu/workspace/project/server/node_modules/async/internal/parallel.js:30:5)
          at parallelLimit (/home/ubuntu/workspace/project/server/node_modules/async/parallel.js:88:26)
          at /home/ubuntu/workspace/project/server/node_modules/mongoose/lib/helpers/updateValidators.js:176:5
          at Query._findAndModify (/home/ubuntu/workspace/project/server/node_modules/mongoose/lib/query.js:2993:7)
          at Query._findOneAndUpdate (/home/ubuntu/workspace/project/server/node_modules/mongoose/lib/query.js:2578:8)
          at process.nextTick (/home/ubuntu/workspace/project/server/node_modules/kareem/index.js:333:33)
          at _combinedTickCallback (internal/process/next_tick.js:73:7)
        message: 'Validator failed for path `ParentMenu` with value `null`',
        name: 'ValidatorError',
        properties: [Object],
        kind: 'user defined',
        path: 'ParentMenu',
        value: null,
        reason: undefined,
        '$isValidatorError': true } },
  _message: 'Validation failed',
  name: 'ValidationError' }
[2019-01-21T02:53:13.704] [ERROR] error - { ValidationError: Menu validation failed: ParentMenu: Validator failed for path `ParentMenu` with value `null`
    at MongooseError.ValidationError (/home/ubuntu/workspace/project/server/node_modules/mongoose/lib/error/validation.js:27:11)
    at model.Document.invalidate (/home/ubuntu/workspace/project/server/node_modules/mongoose/lib/document.js:1880:32)
    at p.doValidate.skipSchemaValidators (/home/ubuntu/workspace/project/server/node_modules/mongoose/lib/document.js:1748:17)
    at /home/ubuntu/workspace/project/server/node_modules/mongoose/lib/schematype.js:808:9
    at _combinedTickCallback (internal/process/next_tick.js:73:7)
    at process._tickCallback (internal/process/next_tick.js:104:9)
  errors: 
   { ParentMenu: 
      { ValidatorError: Validator failed for path `ParentMenu` with value `null`
          at MongooseError.ValidatorError (/home/ubuntu/workspace/project/server/node_modules/mongoose/lib/error/validator.js:27:11)
          at validate (/home/ubuntu/workspace/project/server/node_modules/mongoose/lib/schematype.js:805:13)
          at /home/ubuntu/workspace/project/server/node_modules/mongoose/lib/schematype.js:854:11
          at Array.forEach (native)
          at ObjectId.SchemaType.doValidate (/home/ubuntu/workspace/project/server/node_modules/mongoose/lib/schematype.js:814:19)
          at /home/ubuntu/workspace/project/server/node_modules/mongoose/lib/document.js:1746:9
          at _combinedTickCallback (internal/process/next_tick.js:73:7)
          at process._tickCallback (internal/process/next_tick.js:104:9)
        message: 'Validator failed for path `ParentMenu` with value `null`',
        name: 'ValidatorError',
        properties: [Object],
        kind: 'user defined',
        path: 'ParentMenu',
        value: null,
        reason: undefined,
        '$isValidatorError': true } },
  _message: 'Menu validation failed',
  name: 'ValidationError' }
[2019-01-21T02:57:59.363] [ERROR] error - { ValidationError: Menu validation failed: ParentMenu: Validator failed for path `ParentMenu` with value `null`
    at MongooseError.ValidationError (/home/ubuntu/workspace/project/server/node_modules/mongoose/lib/error/validation.js:27:11)
    at model.Document.invalidate (/home/ubuntu/workspace/project/server/node_modules/mongoose/lib/document.js:1880:32)
    at p.doValidate.skipSchemaValidators (/home/ubuntu/workspace/project/server/node_modules/mongoose/lib/document.js:1748:17)
    at /home/ubuntu/workspace/project/server/node_modules/mongoose/lib/schematype.js:808:9
    at _combinedTickCallback (internal/process/next_tick.js:73:7)
    at process._tickCallback (internal/process/next_tick.js:104:9)
  errors: 
   { ParentMenu: 
      { ValidatorError: Validator failed for path `ParentMenu` with value `null`
          at MongooseError.ValidatorError (/home/ubuntu/workspace/project/server/node_modules/mongoose/lib/error/validator.js:27:11)
          at validate (/home/ubuntu/workspace/project/server/node_modules/mongoose/lib/schematype.js:805:13)
          at /home/ubuntu/workspace/project/server/node_modules/mongoose/lib/schematype.js:854:11
          at Array.forEach (native)
          at ObjectId.SchemaType.doValidate (/home/ubuntu/workspace/project/server/node_modules/mongoose/lib/schematype.js:814:19)
          at /home/ubuntu/workspace/project/server/node_modules/mongoose/lib/document.js:1746:9
          at _combinedTickCallback (internal/process/next_tick.js:73:7)
          at process._tickCallback (internal/process/next_tick.js:104:9)
        message: 'Validator failed for path `ParentMenu` with value `null`',
        name: 'ValidatorError',
        properties: [Object],
        kind: 'user defined',
        path: 'ParentMenu',
        value: null,
        reason: undefined,
        '$isValidatorError': true } },
  _message: 'Menu validation failed',
  name: 'ValidationError' }
[2019-01-21T02:58:25.747] [ERROR] error - { ValidationError: Menu validation failed: ParentMenu: Validator failed for path `ParentMenu` with value `null`
    at MongooseError.ValidationError (/home/ubuntu/workspace/project/server/node_modules/mongoose/lib/error/validation.js:27:11)
    at model.Document.invalidate (/home/ubuntu/workspace/project/server/node_modules/mongoose/lib/document.js:1880:32)
    at p.doValidate.skipSchemaValidators (/home/ubuntu/workspace/project/server/node_modules/mongoose/lib/document.js:1748:17)
    at /home/ubuntu/workspace/project/server/node_modules/mongoose/lib/schematype.js:808:9
    at _combinedTickCallback (internal/process/next_tick.js:73:7)
    at process._tickCallback (internal/process/next_tick.js:104:9)
  errors: 
   { ParentMenu: 
      { ValidatorError: Validator failed for path `ParentMenu` with value `null`
          at MongooseError.ValidatorError (/home/ubuntu/workspace/project/server/node_modules/mongoose/lib/error/validator.js:27:11)
          at validate (/home/ubuntu/workspace/project/server/node_modules/mongoose/lib/schematype.js:805:13)
          at /home/ubuntu/workspace/project/server/node_modules/mongoose/lib/schematype.js:854:11
          at Array.forEach (native)
          at ObjectId.SchemaType.doValidate (/home/ubuntu/workspace/project/server/node_modules/mongoose/lib/schematype.js:814:19)
          at /home/ubuntu/workspace/project/server/node_modules/mongoose/lib/document.js:1746:9
          at _combinedTickCallback (internal/process/next_tick.js:73:7)
          at process._tickCallback (internal/process/next_tick.js:104:9)
        message: 'Validator failed for path `ParentMenu` with value `null`',
        name: 'ValidatorError',
        properties: [Object],
        kind: 'user defined',
        path: 'ParentMenu',
        value: null,
        reason: undefined,
        '$isValidatorError': true } },
  _message: 'Menu validation failed',
  name: 'ValidationError' }
[2019-01-21T03:30:40.852] [ERROR] error - { ValidationError: Pages validation failed: PageTitle: Validator failed for path `PageTitle` with value `Service de sécurité incendie (SSI)`, PageContent: Path `PageContent` is required.
    at MongooseError.ValidationError (/home/ubuntu/workspace/project/server/node_modules/mongoose/lib/error/validation.js:27:11)
    at model.Document.invalidate (/home/ubuntu/workspace/project/server/node_modules/mongoose/lib/document.js:1880:32)
    at p.doValidate.skipSchemaValidators (/home/ubuntu/workspace/project/server/node_modules/mongoose/lib/document.js:1748:17)
    at /home/ubuntu/workspace/project/server/node_modules/mongoose/lib/schematype.js:808:9
    at _combinedTickCallback (internal/process/next_tick.js:73:7)
    at process._tickCallback (internal/process/next_tick.js:104:9)
  errors: 
   { PageTitle: 
      { ValidatorError: Validator failed for path `PageTitle` with value `Service de sécurité incendie (SSI)`
          at MongooseError.ValidatorError (/home/ubuntu/workspace/project/server/node_modules/mongoose/lib/error/validator.js:27:11)
          at validate (/home/ubuntu/workspace/project/server/node_modules/mongoose/lib/schematype.js:805:13)
          at /home/ubuntu/workspace/project/server/node_modules/mongoose/lib/schematype.js:854:11
          at Array.forEach (native)
          at SchemaString.SchemaType.doValidate (/home/ubuntu/workspace/project/server/node_modules/mongoose/lib/schematype.js:814:19)
          at /home/ubuntu/workspace/project/server/node_modules/mongoose/lib/document.js:1746:9
          at _combinedTickCallback (internal/process/next_tick.js:73:7)
          at process._tickCallback (internal/process/next_tick.js:104:9)
        message: 'Validator failed for path `PageTitle` with value `Service de sécurité incendie (SSI)`',
        name: 'ValidatorError',
        properties: [Object],
        kind: 'user defined',
        path: 'PageTitle',
        value: 'Service de sécurité incendie (SSI)',
        reason: undefined,
        '$isValidatorError': true },
     PageContent: 
      { ValidatorError: Path `PageContent` is required.
          at MongooseError.ValidatorError (/home/ubuntu/workspace/project/server/node_modules/mongoose/lib/error/validator.js:27:11)
          at validate (/home/ubuntu/workspace/project/server/node_modules/mongoose/lib/schematype.js:805:13)
          at /home/ubuntu/workspace/project/server/node_modules/mongoose/lib/schematype.js:854:11
          at Array.forEach (native)
          at SchemaString.SchemaType.doValidate (/home/ubuntu/workspace/project/server/node_modules/mongoose/lib/schematype.js:814:19)
          at /home/ubuntu/workspace/project/server/node_modules/mongoose/lib/document.js:1746:9
          at _combinedTickCallback (internal/process/next_tick.js:73:7)
          at process._tickCallback (internal/process/next_tick.js:104:9)
        message: 'Path `PageContent` is required.',
        name: 'ValidatorError',
        properties: [Object],
        kind: 'required',
        path: 'PageContent',
        value: '',
        reason: undefined,
        '$isValidatorError': true } },
  _message: 'Pages validation failed',
  name: 'ValidationError' }
[2019-01-23T15:44:13.763] [ERROR] error - { ValidationError: Validation failed: PageGallery: The value exceeds the number of images allowed
    at MongooseError.ValidationError (/home/ubuntu/workspace/project/server/node_modules/mongoose/lib/error/validation.js:27:11)
    at /home/ubuntu/workspace/project/server/node_modules/mongoose/lib/helpers/updateValidators.js:178:19
    at /home/ubuntu/workspace/project/server/node_modules/async/internal/parallel.js:39:9
    at /home/ubuntu/workspace/project/server/node_modules/async/internal/once.js:12:16
    at iteratorCallback (/home/ubuntu/workspace/project/server/node_modules/async/eachOf.js:60:13)
    at /home/ubuntu/workspace/project/server/node_modules/async/internal/onlyOnce.js:12:16
    at /home/ubuntu/workspace/project/server/node_modules/async/internal/parallel.js:36:13
    at schemaPath.doValidate.updateValidator (/home/ubuntu/workspace/project/server/node_modules/mongoose/lib/helpers/updateValidators.js:122:15)
    at /home/ubuntu/workspace/project/server/node_modules/mongoose/lib/schematype.js:800:11
    at _combinedTickCallback (internal/process/next_tick.js:73:7)
    at process._tickCallback (internal/process/next_tick.js:104:9)
  errors: 
   { PageGallery: 
      { ValidatorError: The value exceeds the number of images allowed
          at MongooseError.ValidatorError (/home/ubuntu/workspace/project/server/node_modules/mongoose/lib/error/validator.js:27:11)
          at validate (/home/ubuntu/workspace/project/server/node_modules/mongoose/lib/schematype.js:805:13)
          at /home/ubuntu/workspace/project/server/node_modules/mongoose/lib/schematype.js:854:11
          at Array.forEach (native)
          at SchemaArray.SchemaType.doValidate (/home/ubuntu/workspace/project/server/node_modules/mongoose/lib/schematype.js:814:19)
          at /home/ubuntu/workspace/project/server/node_modules/mongoose/lib/helpers/updateValidators.js:115:22
          at /home/ubuntu/workspace/project/server/node_modules/async/internal/parallel.js:31:39
          at eachOfArrayLike (/home/ubuntu/workspace/project/server/node_modules/async/eachOf.js:65:9)
          at exports.default (/home/ubuntu/workspace/project/server/node_modules/async/eachOf.js:9:5)
          at _parallel (/home/ubuntu/workspace/project/server/node_modules/async/internal/parallel.js:30:5)
          at parallelLimit (/home/ubuntu/workspace/project/server/node_modules/async/parallel.js:88:26)
          at /home/ubuntu/workspace/project/server/node_modules/mongoose/lib/helpers/updateValidators.js:176:5
          at Query._findAndModify (/home/ubuntu/workspace/project/server/node_modules/mongoose/lib/query.js:2993:7)
          at Query._findOneAndUpdate (/home/ubuntu/workspace/project/server/node_modules/mongoose/lib/query.js:2578:8)
          at /home/ubuntu/workspace/project/server/node_modules/kareem/index.js:278:20
          at _next (/home/ubuntu/workspace/project/server/node_modules/kareem/index.js:102:16)
        message: 'The value exceeds the number of images allowed',
        name: 'ValidatorError',
        properties: [Object],
        kind: 'user defined',
        path: 'PageGallery',
        value: ["https://res.cloudinary.com/dohwohspb/image/upload/v1548258122/IMG_0007.jpg","https://res.cloudinary.com/dohwohspb/image/upload/v1548258122/IMG_0015_eletourneau_v1.jpg","https://res.cloudinary.com/dohwohspb/image/upload/v1548258122/IMG_0016.jpg","https://res.cloudinary.com/dohwohspb/image/upload/v1548258123/IMG_0017.jpg","https://res.cloudinary.com/dohwohspb/image/upload/v1548258123/IMG_0022.jpg","https://res.cloudinary.com/dohwohspb/image/upload/v1548258123/IMG_0023.jpg","https://res.cloudinary.com/dohwohspb/image/upload/v1548258125/IMG_0024.jpg","https://res.cloudinary.com/dohwohspb/image/upload/v1548258126/IMG_0025.jpg","https://res.cloudinary.com/dohwohspb/image/upload/v1548258127/IMG_0026.jpg","https://res.cloudinary.com/dohwohspb/image/upload/v1548258127/IMG_0027.jpg"],
        reason: undefined,
        '$isValidatorError': true } },
  _message: 'Validation failed',
  name: 'ValidationError' }
[2019-01-23T15:44:15.717] [ERROR] error - { ValidationError: Validation failed: PageGallery: The value exceeds the number of images allowed
    at MongooseError.ValidationError (/home/ubuntu/workspace/project/server/node_modules/mongoose/lib/error/validation.js:27:11)
    at /home/ubuntu/workspace/project/server/node_modules/mongoose/lib/helpers/updateValidators.js:178:19
    at /home/ubuntu/workspace/project/server/node_modules/async/internal/parallel.js:39:9
    at /home/ubuntu/workspace/project/server/node_modules/async/internal/once.js:12:16
    at iteratorCallback (/home/ubuntu/workspace/project/server/node_modules/async/eachOf.js:60:13)
    at /home/ubuntu/workspace/project/server/node_modules/async/internal/onlyOnce.js:12:16
    at /home/ubuntu/workspace/project/server/node_modules/async/internal/parallel.js:36:13
    at schemaPath.doValidate.updateValidator (/home/ubuntu/workspace/project/server/node_modules/mongoose/lib/helpers/updateValidators.js:122:15)
    at /home/ubuntu/workspace/project/server/node_modules/mongoose/lib/schematype.js:800:11
    at _combinedTickCallback (internal/process/next_tick.js:73:7)
    at process._tickCallback (internal/process/next_tick.js:104:9)
  errors: 
   { PageGallery: 
      { ValidatorError: The value exceeds the number of images allowed
          at MongooseError.ValidatorError (/home/ubuntu/workspace/project/server/node_modules/mongoose/lib/error/validator.js:27:11)
          at validate (/home/ubuntu/workspace/project/server/node_modules/mongoose/lib/schematype.js:805:13)
          at /home/ubuntu/workspace/project/server/node_modules/mongoose/lib/schematype.js:854:11
          at Array.forEach (native)
          at SchemaArray.SchemaType.doValidate (/home/ubuntu/workspace/project/server/node_modules/mongoose/lib/schematype.js:814:19)
          at /home/ubuntu/workspace/project/server/node_modules/mongoose/lib/helpers/updateValidators.js:115:22
          at /home/ubuntu/workspace/project/server/node_modules/async/internal/parallel.js:31:39
          at eachOfArrayLike (/home/ubuntu/workspace/project/server/node_modules/async/eachOf.js:65:9)
          at exports.default (/home/ubuntu/workspace/project/server/node_modules/async/eachOf.js:9:5)
          at _parallel (/home/ubuntu/workspace/project/server/node_modules/async/internal/parallel.js:30:5)
          at parallelLimit (/home/ubuntu/workspace/project/server/node_modules/async/parallel.js:88:26)
          at /home/ubuntu/workspace/project/server/node_modules/mongoose/lib/helpers/updateValidators.js:176:5
          at Query._findAndModify (/home/ubuntu/workspace/project/server/node_modules/mongoose/lib/query.js:2993:7)
          at Query._findOneAndUpdate (/home/ubuntu/workspace/project/server/node_modules/mongoose/lib/query.js:2578:8)
          at /home/ubuntu/workspace/project/server/node_modules/kareem/index.js:278:20
          at _next (/home/ubuntu/workspace/project/server/node_modules/kareem/index.js:102:16)
        message: 'The value exceeds the number of images allowed',
        name: 'ValidatorError',
        properties: [Object],
        kind: 'user defined',
        path: 'PageGallery',
        value: ["https://res.cloudinary.com/dohwohspb/image/upload/v1548258122/IMG_0007.jpg","https://res.cloudinary.com/dohwohspb/image/upload/v1548258122/IMG_0015_eletourneau_v1.jpg","https://res.cloudinary.com/dohwohspb/image/upload/v1548258122/IMG_0016.jpg","https://res.cloudinary.com/dohwohspb/image/upload/v1548258123/IMG_0017.jpg","https://res.cloudinary.com/dohwohspb/image/upload/v1548258123/IMG_0022.jpg","https://res.cloudinary.com/dohwohspb/image/upload/v1548258123/IMG_0023.jpg","https://res.cloudinary.com/dohwohspb/image/upload/v1548258125/IMG_0024.jpg","https://res.cloudinary.com/dohwohspb/image/upload/v1548258126/IMG_0025.jpg","https://res.cloudinary.com/dohwohspb/image/upload/v1548258127/IMG_0026.jpg","https://res.cloudinary.com/dohwohspb/image/upload/v1548258127/IMG_0027.jpg"],
        reason: undefined,
        '$isValidatorError': true } },
  _message: 'Validation failed',
  name: 'ValidationError' }
[2019-01-23T15:44:34.262] [ERROR] error - { ValidationError: Validation failed: PageGallery: The value exceeds the number of images allowed
    at MongooseError.ValidationError (/home/ubuntu/workspace/project/server/node_modules/mongoose/lib/error/validation.js:27:11)
    at /home/ubuntu/workspace/project/server/node_modules/mongoose/lib/helpers/updateValidators.js:178:19
    at /home/ubuntu/workspace/project/server/node_modules/async/internal/parallel.js:39:9
    at /home/ubuntu/workspace/project/server/node_modules/async/internal/once.js:12:16
    at iteratorCallback (/home/ubuntu/workspace/project/server/node_modules/async/eachOf.js:60:13)
    at /home/ubuntu/workspace/project/server/node_modules/async/internal/onlyOnce.js:12:16
    at /home/ubuntu/workspace/project/server/node_modules/async/internal/parallel.js:36:13
    at schemaPath.doValidate.updateValidator (/home/ubuntu/workspace/project/server/node_modules/mongoose/lib/helpers/updateValidators.js:122:15)
    at /home/ubuntu/workspace/project/server/node_modules/mongoose/lib/schematype.js:800:11
    at _combinedTickCallback (internal/process/next_tick.js:73:7)
    at process._tickCallback (internal/process/next_tick.js:104:9)
  errors: 
   { PageGallery: 
      { ValidatorError: The value exceeds the number of images allowed
          at MongooseError.ValidatorError (/home/ubuntu/workspace/project/server/node_modules/mongoose/lib/error/validator.js:27:11)
          at validate (/home/ubuntu/workspace/project/server/node_modules/mongoose/lib/schematype.js:805:13)
          at /home/ubuntu/workspace/project/server/node_modules/mongoose/lib/schematype.js:854:11
          at Array.forEach (native)
          at SchemaArray.SchemaType.doValidate (/home/ubuntu/workspace/project/server/node_modules/mongoose/lib/schematype.js:814:19)
          at /home/ubuntu/workspace/project/server/node_modules/mongoose/lib/helpers/updateValidators.js:115:22
          at /home/ubuntu/workspace/project/server/node_modules/async/internal/parallel.js:31:39
          at eachOfArrayLike (/home/ubuntu/workspace/project/server/node_modules/async/eachOf.js:65:9)
          at exports.default (/home/ubuntu/workspace/project/server/node_modules/async/eachOf.js:9:5)
          at _parallel (/home/ubuntu/workspace/project/server/node_modules/async/internal/parallel.js:30:5)
          at parallelLimit (/home/ubuntu/workspace/project/server/node_modules/async/parallel.js:88:26)
          at /home/ubuntu/workspace/project/server/node_modules/mongoose/lib/helpers/updateValidators.js:176:5
          at Query._findAndModify (/home/ubuntu/workspace/project/server/node_modules/mongoose/lib/query.js:2993:7)
          at Query._findOneAndUpdate (/home/ubuntu/workspace/project/server/node_modules/mongoose/lib/query.js:2578:8)
          at /home/ubuntu/workspace/project/server/node_modules/kareem/index.js:278:20
          at _next (/home/ubuntu/workspace/project/server/node_modules/kareem/index.js:102:16)
        message: 'The value exceeds the number of images allowed',
        name: 'ValidatorError',
        properties: [Object],
        kind: 'user defined',
        path: 'PageGallery',
        value: ["https://res.cloudinary.com/dohwohspb/image/upload/v1548258122/IMG_0007.jpg","https://res.cloudinary.com/dohwohspb/image/upload/v1548258122/IMG_0015_eletourneau_v1.jpg","https://res.cloudinary.com/dohwohspb/image/upload/v1548258122/IMG_0016.jpg","https://res.cloudinary.com/dohwohspb/image/upload/v1548258123/IMG_0017.jpg","https://res.cloudinary.com/dohwohspb/image/upload/v1548258123/IMG_0022.jpg","https://res.cloudinary.com/dohwohspb/image/upload/v1548258123/IMG_0023.jpg","https://res.cloudinary.com/dohwohspb/image/upload/v1548258125/IMG_0024.jpg","https://res.cloudinary.com/dohwohspb/image/upload/v1548258126/IMG_0025.jpg","https://res.cloudinary.com/dohwohspb/image/upload/v1548258127/IMG_0027.jpg"],
        reason: undefined,
        '$isValidatorError': true } },
  _message: 'Validation failed',
  name: 'ValidationError' }
[2019-01-23T19:29:54.063] [ERROR] error - { ValidationError: Validation failed: Title: Path `Title` (`Autres produits recyclables et gestes écoresponsables`) is longer than the maximum allowed length (50).
    at MongooseError.ValidationError (/home/ubuntu/workspace/project/server/node_modules/mongoose/lib/error/validation.js:27:11)
    at /home/ubuntu/workspace/project/server/node_modules/mongoose/lib/helpers/updateValidators.js:178:19
    at /home/ubuntu/workspace/project/server/node_modules/async/internal/parallel.js:39:9
    at /home/ubuntu/workspace/project/server/node_modules/async/internal/once.js:12:16
    at iteratorCallback (/home/ubuntu/workspace/project/server/node_modules/async/eachOf.js:60:13)
    at /home/ubuntu/workspace/project/server/node_modules/async/internal/onlyOnce.js:12:16
    at /home/ubuntu/workspace/project/server/node_modules/async/internal/parallel.js:36:13
    at schemaPath.doValidate.updateValidator (/home/ubuntu/workspace/project/server/node_modules/mongoose/lib/helpers/updateValidators.js:122:15)
    at /home/ubuntu/workspace/project/server/node_modules/mongoose/lib/schematype.js:808:9
    at _combinedTickCallback (internal/process/next_tick.js:73:7)
    at process._tickCallback (internal/process/next_tick.js:104:9)
  errors: 
   { Title: 
      { ValidatorError: Path `Title` (`Autres produits recyclables et gestes écoresponsables`) is longer than the maximum allowed length (50).
          at MongooseError.ValidatorError (/home/ubuntu/workspace/project/server/node_modules/mongoose/lib/error/validator.js:27:11)
          at validate (/home/ubuntu/workspace/project/server/node_modules/mongoose/lib/schematype.js:805:13)
          at /home/ubuntu/workspace/project/server/node_modules/mongoose/lib/schematype.js:854:11
          at Array.forEach (native)
          at SchemaString.SchemaType.doValidate (/home/ubuntu/workspace/project/server/node_modules/mongoose/lib/schematype.js:814:19)
          at /home/ubuntu/workspace/project/server/node_modules/mongoose/lib/helpers/updateValidators.js:115:22
          at /home/ubuntu/workspace/project/server/node_modules/async/internal/parallel.js:31:39
          at eachOfArrayLike (/home/ubuntu/workspace/project/server/node_modules/async/eachOf.js:65:9)
          at exports.default (/home/ubuntu/workspace/project/server/node_modules/async/eachOf.js:9:5)
          at _parallel (/home/ubuntu/workspace/project/server/node_modules/async/internal/parallel.js:30:5)
          at parallelLimit (/home/ubuntu/workspace/project/server/node_modules/async/parallel.js:88:26)
          at /home/ubuntu/workspace/project/server/node_modules/mongoose/lib/helpers/updateValidators.js:176:5
          at Query._findAndModify (/home/ubuntu/workspace/project/server/node_modules/mongoose/lib/query.js:2993:7)
          at Query._findOneAndUpdate (/home/ubuntu/workspace/project/server/node_modules/mongoose/lib/query.js:2578:8)
          at process.nextTick (/home/ubuntu/workspace/project/server/node_modules/kareem/index.js:333:33)
          at _combinedTickCallback (internal/process/next_tick.js:73:7)
          at process._tickCallback (internal/process/next_tick.js:104:9)
        message: 'Path `Title` (`Autres produits recyclables et gestes écoresponsables`) is longer than the maximum allowed length (50).',
        name: 'ValidatorError',
        properties: [Object],
        kind: 'maxlength',
        path: 'Title',
        value: 'Autres produits recyclables et gestes écoresponsables',
        reason: undefined,
        '$isValidatorError': true } },
  _message: 'Validation failed',
  name: 'ValidationError' }
[2019-01-23T19:33:26.328] [ERROR] error - TypeError: Cannot read property 'Principal' of null
    at Query.exec.then (/home/ubuntu/workspace/project/server/api/MenuAPI.js:49:22)
    at process._tickCallback (internal/process/next_tick.js:109:7)
[2019-01-23T19:33:33.324] [ERROR] error - TypeError: Cannot read property 'Principal' of null
    at Query.exec.then (/home/ubuntu/workspace/project/server/api/MenuAPI.js:49:22)
    at process._tickCallback (internal/process/next_tick.js:109:7)
[2019-01-23T19:33:38.947] [ERROR] error - { ValidationError: Validation failed: Title: Path `Title` (`Service de service incendie et premiers répondants `) is longer than the maximum allowed length (50).
    at MongooseError.ValidationError (/home/ubuntu/workspace/project/server/node_modules/mongoose/lib/error/validation.js:27:11)
    at /home/ubuntu/workspace/project/server/node_modules/mongoose/lib/helpers/updateValidators.js:178:19
    at /home/ubuntu/workspace/project/server/node_modules/async/internal/parallel.js:39:9
    at /home/ubuntu/workspace/project/server/node_modules/async/internal/once.js:12:16
    at iteratorCallback (/home/ubuntu/workspace/project/server/node_modules/async/eachOf.js:60:13)
    at /home/ubuntu/workspace/project/server/node_modules/async/internal/onlyOnce.js:12:16
    at /home/ubuntu/workspace/project/server/node_modules/async/internal/parallel.js:36:13
    at schemaPath.doValidate.updateValidator (/home/ubuntu/workspace/project/server/node_modules/mongoose/lib/helpers/updateValidators.js:122:15)
    at /home/ubuntu/workspace/project/server/node_modules/mongoose/lib/schematype.js:808:9
    at _combinedTickCallback (internal/process/next_tick.js:73:7)
    at process._tickCallback (internal/process/next_tick.js:104:9)
  errors: 
   { Title: 
      { ValidatorError: Path `Title` (`Service de service incendie et premiers répondants `) is longer than the maximum allowed length (50).
          at MongooseError.ValidatorError (/home/ubuntu/workspace/project/server/node_modules/mongoose/lib/error/validator.js:27:11)
          at validate (/home/ubuntu/workspace/project/server/node_modules/mongoose/lib/schematype.js:805:13)
          at /home/ubuntu/workspace/project/server/node_modules/mongoose/lib/schematype.js:854:11
          at Array.forEach (native)
          at SchemaString.SchemaType.doValidate (/home/ubuntu/workspace/project/server/node_modules/mongoose/lib/schematype.js:814:19)
          at /home/ubuntu/workspace/project/server/node_modules/mongoose/lib/helpers/updateValidators.js:115:22
          at /home/ubuntu/workspace/project/server/node_modules/async/internal/parallel.js:31:39
          at eachOfArrayLike (/home/ubuntu/workspace/project/server/node_modules/async/eachOf.js:65:9)
          at exports.default (/home/ubuntu/workspace/project/server/node_modules/async/eachOf.js:9:5)
          at _parallel (/home/ubuntu/workspace/project/server/node_modules/async/internal/parallel.js:30:5)
          at parallelLimit (/home/ubuntu/workspace/project/server/node_modules/async/parallel.js:88:26)
          at /home/ubuntu/workspace/project/server/node_modules/mongoose/lib/helpers/updateValidators.js:176:5
          at Query._findAndModify (/home/ubuntu/workspace/project/server/node_modules/mongoose/lib/query.js:2993:7)
          at Query._findOneAndUpdate (/home/ubuntu/workspace/project/server/node_modules/mongoose/lib/query.js:2578:8)
          at process.nextTick (/home/ubuntu/workspace/project/server/node_modules/kareem/index.js:333:33)
          at _combinedTickCallback (internal/process/next_tick.js:73:7)
          at process._tickCallback (internal/process/next_tick.js:104:9)
        message: 'Path `Title` (`Service de service incendie et premiers répondants `) is longer than the maximum allowed length (50).',
        name: 'ValidatorError',
        properties: [Object],
        kind: 'maxlength',
        path: 'Title',
        value: 'Service de service incendie et premiers répondants ',
        reason: undefined,
        '$isValidatorError': true } },
  _message: 'Validation failed',
  name: 'ValidationError' }
[2019-01-23T19:34:02.159] [ERROR] error - TypeError: Cannot read property 'Principal' of null
    at Query.exec.then (/home/ubuntu/workspace/project/server/api/MenuAPI.js:49:22)
    at process._tickCallback (internal/process/next_tick.js:109:7)
[2019-01-23T19:34:40.225] [ERROR] error - TypeError: Cannot read property 'SubMenu' of null
    at Query.exec.then (/home/ubuntu/workspace/project/server/api/MenuAPI.js:86:21)
    at process._tickCallback (internal/process/next_tick.js:109:7)
[2019-01-25T20:19:05.473] [ERROR] error - { ValidationError: Pages validation failed: PageContent: Path `PageContent` is required.
    at MongooseError.ValidationError (/home/ubuntu/workspace/project/server/node_modules/mongoose/lib/error/validation.js:27:11)
    at model.Document.invalidate (/home/ubuntu/workspace/project/server/node_modules/mongoose/lib/document.js:1880:32)
    at p.doValidate.skipSchemaValidators (/home/ubuntu/workspace/project/server/node_modules/mongoose/lib/document.js:1748:17)
    at /home/ubuntu/workspace/project/server/node_modules/mongoose/lib/schematype.js:808:9
    at _combinedTickCallback (internal/process/next_tick.js:73:7)
    at process._tickCallback (internal/process/next_tick.js:104:9)
  errors: 
   { PageContent: 
      { ValidatorError: Path `PageContent` is required.
          at MongooseError.ValidatorError (/home/ubuntu/workspace/project/server/node_modules/mongoose/lib/error/validator.js:27:11)
          at validate (/home/ubuntu/workspace/project/server/node_modules/mongoose/lib/schematype.js:805:13)
          at /home/ubuntu/workspace/project/server/node_modules/mongoose/lib/schematype.js:854:11
          at Array.forEach (native)
          at SchemaString.SchemaType.doValidate (/home/ubuntu/workspace/project/server/node_modules/mongoose/lib/schematype.js:814:19)
          at /home/ubuntu/workspace/project/server/node_modules/mongoose/lib/document.js:1746:9
          at _combinedTickCallback (internal/process/next_tick.js:73:7)
          at process._tickCallback (internal/process/next_tick.js:104:9)
        message: 'Path `PageContent` is required.',
        name: 'ValidatorError',
        properties: [Object],
        kind: 'required',
        path: 'PageContent',
        value: '',
        reason: undefined,
        '$isValidatorError': true } },
  _message: 'Pages validation failed',
  name: 'ValidationError' }
[2019-01-26T23:43:44.062] [ERROR] error - { ValidationError: Validation failed: Occupation: Path `Occupation` is required.
    at MongooseError.ValidationError (/home/ubuntu/workspace/project/server/node_modules/mongoose/lib/error/validation.js:27:11)
    at /home/ubuntu/workspace/project/server/node_modules/mongoose/lib/helpers/updateValidators.js:178:19
    at /home/ubuntu/workspace/project/server/node_modules/async/internal/parallel.js:39:9
    at /home/ubuntu/workspace/project/server/node_modules/async/internal/once.js:12:16
    at iteratorCallback (/home/ubuntu/workspace/project/server/node_modules/async/eachOf.js:60:13)
    at /home/ubuntu/workspace/project/server/node_modules/async/internal/onlyOnce.js:12:16
    at /home/ubuntu/workspace/project/server/node_modules/async/internal/parallel.js:36:13
    at schemaPath.doValidate.updateValidator (/home/ubuntu/workspace/project/server/node_modules/mongoose/lib/helpers/updateValidators.js:122:15)
    at /home/ubuntu/workspace/project/server/node_modules/mongoose/lib/schematype.js:800:11
    at _combinedTickCallback (internal/process/next_tick.js:73:7)
    at process._tickCallback (internal/process/next_tick.js:104:9)
  errors: 
   { Occupation: 
      { ValidatorError: Path `Occupation` is required.
          at MongooseError.ValidatorError (/home/ubuntu/workspace/project/server/node_modules/mongoose/lib/error/validator.js:27:11)
          at validate (/home/ubuntu/workspace/project/server/node_modules/mongoose/lib/schematype.js:805:13)
          at /home/ubuntu/workspace/project/server/node_modules/mongoose/lib/schematype.js:854:11
          at Array.forEach (native)
          at ObjectId.SchemaType.doValidate (/home/ubuntu/workspace/project/server/node_modules/mongoose/lib/schematype.js:814:19)
          at /home/ubuntu/workspace/project/server/node_modules/mongoose/lib/helpers/updateValidators.js:115:22
          at /home/ubuntu/workspace/project/server/node_modules/async/internal/parallel.js:31:39
          at eachOfArrayLike (/home/ubuntu/workspace/project/server/node_modules/async/eachOf.js:65:9)
          at exports.default (/home/ubuntu/workspace/project/server/node_modules/async/eachOf.js:9:5)
          at _parallel (/home/ubuntu/workspace/project/server/node_modules/async/internal/parallel.js:30:5)
          at parallelLimit (/home/ubuntu/workspace/project/server/node_modules/async/parallel.js:88:26)
          at /home/ubuntu/workspace/project/server/node_modules/mongoose/lib/helpers/updateValidators.js:176:5
          at Query._findAndModify (/home/ubuntu/workspace/project/server/node_modules/mongoose/lib/query.js:2993:7)
          at Query._findOneAndUpdate (/home/ubuntu/workspace/project/server/node_modules/mongoose/lib/query.js:2578:8)
          at process.nextTick (/home/ubuntu/workspace/project/server/node_modules/kareem/index.js:333:33)
          at _combinedTickCallback (internal/process/next_tick.js:73:7)
          at process._tickCallback (internal/process/next_tick.js:104:9)
        message: 'Path `Occupation` is required.',
        name: 'ValidatorError',
        properties: [Object],
        kind: 'required',
        path: 'Occupation',
        value: null,
        reason: undefined,
        '$isValidatorError': true } },
  _message: 'Validation failed',
  name: 'ValidationError' }
[2019-01-26T23:43:55.411] [ERROR] error - { ValidationError: Validation failed: Occupation: Path `Occupation` is required., FirstName: Path `FirstName` is required.
    at MongooseError.ValidationError (/home/ubuntu/workspace/project/server/node_modules/mongoose/lib/error/validation.js:27:11)
    at /home/ubuntu/workspace/project/server/node_modules/mongoose/lib/helpers/updateValidators.js:178:19
    at /home/ubuntu/workspace/project/server/node_modules/async/internal/parallel.js:39:9
    at /home/ubuntu/workspace/project/server/node_modules/async/internal/once.js:12:16
    at iteratorCallback (/home/ubuntu/workspace/project/server/node_modules/async/eachOf.js:60:13)
    at /home/ubuntu/workspace/project/server/node_modules/async/internal/onlyOnce.js:12:16
    at /home/ubuntu/workspace/project/server/node_modules/async/internal/parallel.js:36:13
    at schemaPath.doValidate.updateValidator (/home/ubuntu/workspace/project/server/node_modules/mongoose/lib/helpers/updateValidators.js:122:15)
    at /home/ubuntu/workspace/project/server/node_modules/mongoose/lib/schematype.js:808:9
    at _combinedTickCallback (internal/process/next_tick.js:73:7)
    at process._tickCallback (internal/process/next_tick.js:104:9)
  errors: 
   { Occupation: 
      { ValidatorError: Path `Occupation` is required.
          at MongooseError.ValidatorError (/home/ubuntu/workspace/project/server/node_modules/mongoose/lib/error/validator.js:27:11)
          at validate (/home/ubuntu/workspace/project/server/node_modules/mongoose/lib/schematype.js:805:13)
          at /home/ubuntu/workspace/project/server/node_modules/mongoose/lib/schematype.js:854:11
          at Array.forEach (native)
          at ObjectId.SchemaType.doValidate (/home/ubuntu/workspace/project/server/node_modules/mongoose/lib/schematype.js:814:19)
          at /home/ubuntu/workspace/project/server/node_modules/mongoose/lib/helpers/updateValidators.js:115:22
          at /home/ubuntu/workspace/project/server/node_modules/async/internal/parallel.js:31:39
          at eachOfArrayLike (/home/ubuntu/workspace/project/server/node_modules/async/eachOf.js:65:9)
          at exports.default (/home/ubuntu/workspace/project/server/node_modules/async/eachOf.js:9:5)
          at _parallel (/home/ubuntu/workspace/project/server/node_modules/async/internal/parallel.js:30:5)
          at parallelLimit (/home/ubuntu/workspace/project/server/node_modules/async/parallel.js:88:26)
          at /home/ubuntu/workspace/project/server/node_modules/mongoose/lib/helpers/updateValidators.js:176:5
          at Query._findAndModify (/home/ubuntu/workspace/project/server/node_modules/mongoose/lib/query.js:2993:7)
          at Query._findOneAndUpdate (/home/ubuntu/workspace/project/server/node_modules/mongoose/lib/query.js:2578:8)
          at process.nextTick (/home/ubuntu/workspace/project/server/node_modules/kareem/index.js:333:33)
          at _combinedTickCallback (internal/process/next_tick.js:73:7)
          at process._tickCallback (internal/process/next_tick.js:104:9)
        message: 'Path `Occupation` is required.',
        name: 'ValidatorError',
        properties: [Object],
        kind: 'required',
        path: 'Occupation',
        value: null,
        reason: undefined,
        '$isValidatorError': true },
     FirstName: 
      { ValidatorError: Path `FirstName` is required.
          at MongooseError.ValidatorError (/home/ubuntu/workspace/project/server/node_modules/mongoose/lib/error/validator.js:27:11)
          at validate (/home/ubuntu/workspace/project/server/node_modules/mongoose/lib/schematype.js:805:13)
          at /home/ubuntu/workspace/project/server/node_modules/mongoose/lib/schematype.js:854:11
          at Array.forEach (native)
          at SchemaString.SchemaType.doValidate (/home/ubuntu/workspace/project/server/node_modules/mongoose/lib/schematype.js:814:19)
          at /home/ubuntu/workspace/project/server/node_modules/mongoose/lib/helpers/updateValidators.js:115:22
          at /home/ubuntu/workspace/project/server/node_modules/async/internal/parallel.js:31:39
          at eachOfArrayLike (/home/ubuntu/workspace/project/server/node_modules/async/eachOf.js:65:9)
          at exports.default (/home/ubuntu/workspace/project/server/node_modules/async/eachOf.js:9:5)
          at _parallel (/home/ubuntu/workspace/project/server/node_modules/async/internal/parallel.js:30:5)
          at parallelLimit (/home/ubuntu/workspace/project/server/node_modules/async/parallel.js:88:26)
          at /home/ubuntu/workspace/project/server/node_modules/mongoose/lib/helpers/updateValidators.js:176:5
          at Query._findAndModify (/home/ubuntu/workspace/project/server/node_modules/mongoose/lib/query.js:2993:7)
          at Query._findOneAndUpdate (/home/ubuntu/workspace/project/server/node_modules/mongoose/lib/query.js:2578:8)
          at process.nextTick (/home/ubuntu/workspace/project/server/node_modules/kareem/index.js:333:33)
          at _combinedTickCallback (internal/process/next_tick.js:73:7)
          at process._tickCallback (internal/process/next_tick.js:104:9)
        message: 'Path `FirstName` is required.',
        name: 'ValidatorError',
        properties: [Object],
        kind: 'required',
        path: 'FirstName',
        value: null,
        reason: undefined,
        '$isValidatorError': true } },
  _message: 'Validation failed',
  name: 'ValidationError' }
[2019-01-26T23:43:58.966] [ERROR] error - { ValidationError: Validation failed: Occupation: Path `Occupation` is required., LastName: Path `LastName` is required., FirstName: Path `FirstName` is required.
    at MongooseError.ValidationError (/home/ubuntu/workspace/project/server/node_modules/mongoose/lib/error/validation.js:27:11)
    at /home/ubuntu/workspace/project/server/node_modules/mongoose/lib/helpers/updateValidators.js:178:19
    at /home/ubuntu/workspace/project/server/node_modules/async/internal/parallel.js:39:9
    at /home/ubuntu/workspace/project/server/node_modules/async/internal/once.js:12:16
    at iteratorCallback (/home/ubuntu/workspace/project/server/node_modules/async/eachOf.js:60:13)
    at /home/ubuntu/workspace/project/server/node_modules/async/internal/onlyOnce.js:12:16
    at /home/ubuntu/workspace/project/server/node_modules/async/internal/parallel.js:36:13
    at schemaPath.doValidate.updateValidator (/home/ubuntu/workspace/project/server/node_modules/mongoose/lib/helpers/updateValidators.js:122:15)
    at /home/ubuntu/workspace/project/server/node_modules/mongoose/lib/schematype.js:808:9
    at _combinedTickCallback (internal/process/next_tick.js:73:7)
    at process._tickCallback (internal/process/next_tick.js:104:9)
  errors: 
   { Occupation: 
      { ValidatorError: Path `Occupation` is required.
          at MongooseError.ValidatorError (/home/ubuntu/workspace/project/server/node_modules/mongoose/lib/error/validator.js:27:11)
          at validate (/home/ubuntu/workspace/project/server/node_modules/mongoose/lib/schematype.js:805:13)
          at /home/ubuntu/workspace/project/server/node_modules/mongoose/lib/schematype.js:854:11
          at Array.forEach (native)
          at ObjectId.SchemaType.doValidate (/home/ubuntu/workspace/project/server/node_modules/mongoose/lib/schematype.js:814:19)
          at /home/ubuntu/workspace/project/server/node_modules/mongoose/lib/helpers/updateValidators.js:115:22
          at /home/ubuntu/workspace/project/server/node_modules/async/internal/parallel.js:31:39
          at eachOfArrayLike (/home/ubuntu/workspace/project/server/node_modules/async/eachOf.js:65:9)
          at exports.default (/home/ubuntu/workspace/project/server/node_modules/async/eachOf.js:9:5)
          at _parallel (/home/ubuntu/workspace/project/server/node_modules/async/internal/parallel.js:30:5)
          at parallelLimit (/home/ubuntu/workspace/project/server/node_modules/async/parallel.js:88:26)
          at /home/ubuntu/workspace/project/server/node_modules/mongoose/lib/helpers/updateValidators.js:176:5
          at Query._findAndModify (/home/ubuntu/workspace/project/server/node_modules/mongoose/lib/query.js:2993:7)
          at Query._findOneAndUpdate (/home/ubuntu/workspace/project/server/node_modules/mongoose/lib/query.js:2578:8)
          at process.nextTick (/home/ubuntu/workspace/project/server/node_modules/kareem/index.js:333:33)
          at _combinedTickCallback (internal/process/next_tick.js:73:7)
          at process._tickCallback (internal/process/next_tick.js:104:9)
        message: 'Path `Occupation` is required.',
        name: 'ValidatorError',
        properties: [Object],
        kind: 'required',
        path: 'Occupation',
        value: null,
        reason: undefined,
        '$isValidatorError': true },
     LastName: 
      { ValidatorError: Path `LastName` is required.
          at MongooseError.ValidatorError (/home/ubuntu/workspace/project/server/node_modules/mongoose/lib/error/validator.js:27:11)
          at validate (/home/ubuntu/workspace/project/server/node_modules/mongoose/lib/schematype.js:805:13)
          at /home/ubuntu/workspace/project/server/node_modules/mongoose/lib/schematype.js:854:11
          at Array.forEach (native)
          at SchemaString.SchemaType.doValidate (/home/ubuntu/workspace/project/server/node_modules/mongoose/lib/schematype.js:814:19)
          at /home/ubuntu/workspace/project/server/node_modules/mongoose/lib/helpers/updateValidators.js:115:22
          at /home/ubuntu/workspace/project/server/node_modules/async/internal/parallel.js:31:39
          at eachOfArrayLike (/home/ubuntu/workspace/project/server/node_modules/async/eachOf.js:65:9)
          at exports.default (/home/ubuntu/workspace/project/server/node_modules/async/eachOf.js:9:5)
          at _parallel (/home/ubuntu/workspace/project/server/node_modules/async/internal/parallel.js:30:5)
          at parallelLimit (/home/ubuntu/workspace/project/server/node_modules/async/parallel.js:88:26)
          at /home/ubuntu/workspace/project/server/node_modules/mongoose/lib/helpers/updateValidators.js:176:5
          at Query._findAndModify (/home/ubuntu/workspace/project/server/node_modules/mongoose/lib/query.js:2993:7)
          at Query._findOneAndUpdate (/home/ubuntu/workspace/project/server/node_modules/mongoose/lib/query.js:2578:8)
          at process.nextTick (/home/ubuntu/workspace/project/server/node_modules/kareem/index.js:333:33)
          at _combinedTickCallback (internal/process/next_tick.js:73:7)
          at process._tickCallback (internal/process/next_tick.js:104:9)
        message: 'Path `LastName` is required.',
        name: 'ValidatorError',
        properties: [Object],
        kind: 'required',
        path: 'LastName',
        value: null,
        reason: undefined,
        '$isValidatorError': true },
     FirstName: 
      { ValidatorError: Path `FirstName` is required.
          at MongooseError.ValidatorError (/home/ubuntu/workspace/project/server/node_modules/mongoose/lib/error/validator.js:27:11)
          at validate (/home/ubuntu/workspace/project/server/node_modules/mongoose/lib/schematype.js:805:13)
          at /home/ubuntu/workspace/project/server/node_modules/mongoose/lib/schematype.js:854:11
          at Array.forEach (native)
          at SchemaString.SchemaType.doValidate (/home/ubuntu/workspace/project/server/node_modules/mongoose/lib/schematype.js:814:19)
          at /home/ubuntu/workspace/project/server/node_modules/mongoose/lib/helpers/updateValidators.js:115:22
          at /home/ubuntu/workspace/project/server/node_modules/async/internal/parallel.js:31:39
          at eachOfArrayLike (/home/ubuntu/workspace/project/server/node_modules/async/eachOf.js:65:9)
          at exports.default (/home/ubuntu/workspace/project/server/node_modules/async/eachOf.js:9:5)
          at _parallel (/home/ubuntu/workspace/project/server/node_modules/async/internal/parallel.js:30:5)
          at parallelLimit (/home/ubuntu/workspace/project/server/node_modules/async/parallel.js:88:26)
          at /home/ubuntu/workspace/project/server/node_modules/mongoose/lib/helpers/updateValidators.js:176:5
          at Query._findAndModify (/home/ubuntu/workspace/project/server/node_modules/mongoose/lib/query.js:2993:7)
          at Query._findOneAndUpdate (/home/ubuntu/workspace/project/server/node_modules/mongoose/lib/query.js:2578:8)
          at process.nextTick (/home/ubuntu/workspace/project/server/node_modules/kareem/index.js:333:33)
          at _combinedTickCallback (internal/process/next_tick.js:73:7)
          at process._tickCallback (internal/process/next_tick.js:104:9)
        message: 'Path `FirstName` is required.',
        name: 'ValidatorError',
        properties: [Object],
        kind: 'required',
        path: 'FirstName',
        value: null,
        reason: undefined,
        '$isValidatorError': true } },
  _message: 'Validation failed',
  name: 'ValidationError' }
[2019-01-29T01:47:31.631] [ERROR] error - { ValidationError: Validation failed: Occupation: Path `Occupation` is required.
    at MongooseError.ValidationError (/home/ubuntu/workspace/project/server/node_modules/mongoose/lib/error/validation.js:27:11)
    at /home/ubuntu/workspace/project/server/node_modules/mongoose/lib/helpers/updateValidators.js:178:19
    at /home/ubuntu/workspace/project/server/node_modules/async/internal/parallel.js:39:9
    at /home/ubuntu/workspace/project/server/node_modules/async/internal/once.js:12:16
    at iteratorCallback (/home/ubuntu/workspace/project/server/node_modules/async/eachOf.js:60:13)
    at /home/ubuntu/workspace/project/server/node_modules/async/internal/onlyOnce.js:12:16
    at /home/ubuntu/workspace/project/server/node_modules/async/internal/parallel.js:36:13
    at schemaPath.doValidate.updateValidator (/home/ubuntu/workspace/project/server/node_modules/mongoose/lib/helpers/updateValidators.js:122:15)
    at /home/ubuntu/workspace/project/server/node_modules/mongoose/lib/schematype.js:800:11
    at _combinedTickCallback (internal/process/next_tick.js:73:7)
    at process._tickCallback (internal/process/next_tick.js:104:9)
  errors: 
   { Occupation: 
      { ValidatorError: Path `Occupation` is required.
          at MongooseError.ValidatorError (/home/ubuntu/workspace/project/server/node_modules/mongoose/lib/error/validator.js:27:11)
          at validate (/home/ubuntu/workspace/project/server/node_modules/mongoose/lib/schematype.js:805:13)
          at /home/ubuntu/workspace/project/server/node_modules/mongoose/lib/schematype.js:854:11
          at Array.forEach (native)
          at ObjectId.SchemaType.doValidate (/home/ubuntu/workspace/project/server/node_modules/mongoose/lib/schematype.js:814:19)
          at /home/ubuntu/workspace/project/server/node_modules/mongoose/lib/helpers/updateValidators.js:115:22
          at /home/ubuntu/workspace/project/server/node_modules/async/internal/parallel.js:31:39
          at eachOfArrayLike (/home/ubuntu/workspace/project/server/node_modules/async/eachOf.js:65:9)
          at exports.default (/home/ubuntu/workspace/project/server/node_modules/async/eachOf.js:9:5)
          at _parallel (/home/ubuntu/workspace/project/server/node_modules/async/internal/parallel.js:30:5)
          at parallelLimit (/home/ubuntu/workspace/project/server/node_modules/async/parallel.js:88:26)
          at /home/ubuntu/workspace/project/server/node_modules/mongoose/lib/helpers/updateValidators.js:176:5
          at Query._findAndModify (/home/ubuntu/workspace/project/server/node_modules/mongoose/lib/query.js:2993:7)
          at Query._findOneAndUpdate (/home/ubuntu/workspace/project/server/node_modules/mongoose/lib/query.js:2578:8)
          at process.nextTick (/home/ubuntu/workspace/project/server/node_modules/kareem/index.js:333:33)
          at _combinedTickCallback (internal/process/next_tick.js:73:7)
          at process._tickCallback (internal/process/next_tick.js:104:9)
        message: 'Path `Occupation` is required.',
        name: 'ValidatorError',
        properties: [Object],
        kind: 'required',
        path: 'Occupation',
        value: null,
        reason: undefined,
        '$isValidatorError': true } },
  _message: 'Validation failed',
  name: 'ValidationError' }
[2019-02-08T04:16:49.886] [ERROR] error - { ValidationError: Validation failed: Occupation: Path `Occupation` is required.
    at MongooseError.ValidationError (/home/ubuntu/workspace/project/server/node_modules/mongoose/lib/error/validation.js:27:11)
    at /home/ubuntu/workspace/project/server/node_modules/mongoose/lib/helpers/updateValidators.js:178:19
    at /home/ubuntu/workspace/project/server/node_modules/async/internal/parallel.js:39:9
    at /home/ubuntu/workspace/project/server/node_modules/async/internal/once.js:12:16
    at iteratorCallback (/home/ubuntu/workspace/project/server/node_modules/async/eachOf.js:60:13)
    at /home/ubuntu/workspace/project/server/node_modules/async/internal/onlyOnce.js:12:16
    at /home/ubuntu/workspace/project/server/node_modules/async/internal/parallel.js:36:13
    at schemaPath.doValidate.updateValidator (/home/ubuntu/workspace/project/server/node_modules/mongoose/lib/helpers/updateValidators.js:122:15)
    at /home/ubuntu/workspace/project/server/node_modules/mongoose/lib/schematype.js:800:11
    at _combinedTickCallback (internal/process/next_tick.js:73:7)
    at process._tickCallback (internal/process/next_tick.js:104:9)
  errors: 
   { Occupation: 
      { ValidatorError: Path `Occupation` is required.
          at MongooseError.ValidatorError (/home/ubuntu/workspace/project/server/node_modules/mongoose/lib/error/validator.js:27:11)
          at validate (/home/ubuntu/workspace/project/server/node_modules/mongoose/lib/schematype.js:805:13)
          at /home/ubuntu/workspace/project/server/node_modules/mongoose/lib/schematype.js:854:11
          at Array.forEach (native)
          at ObjectId.SchemaType.doValidate (/home/ubuntu/workspace/project/server/node_modules/mongoose/lib/schematype.js:814:19)
          at /home/ubuntu/workspace/project/server/node_modules/mongoose/lib/helpers/updateValidators.js:115:22
          at /home/ubuntu/workspace/project/server/node_modules/async/internal/parallel.js:31:39
          at eachOfArrayLike (/home/ubuntu/workspace/project/server/node_modules/async/eachOf.js:65:9)
          at exports.default (/home/ubuntu/workspace/project/server/node_modules/async/eachOf.js:9:5)
          at _parallel (/home/ubuntu/workspace/project/server/node_modules/async/internal/parallel.js:30:5)
          at parallelLimit (/home/ubuntu/workspace/project/server/node_modules/async/parallel.js:88:26)
          at /home/ubuntu/workspace/project/server/node_modules/mongoose/lib/helpers/updateValidators.js:176:5
          at Query._findAndModify (/home/ubuntu/workspace/project/server/node_modules/mongoose/lib/query.js:2993:7)
          at Query._findOneAndUpdate (/home/ubuntu/workspace/project/server/node_modules/mongoose/lib/query.js:2578:8)
          at process.nextTick (/home/ubuntu/workspace/project/server/node_modules/kareem/index.js:333:33)
          at _combinedTickCallback (internal/process/next_tick.js:73:7)
          at process._tickCallback (internal/process/next_tick.js:104:9)
        message: 'Path `Occupation` is required.',
        name: 'ValidatorError',
        properties: [Object],
        kind: 'required',
        path: 'Occupation',
        value: null,
        reason: undefined,
        '$isValidatorError': true } },
  _message: 'Validation failed',
  name: 'ValidationError' }
